DEBUG:root:12/05/2021 12:50:30 PM	df_tranx loaded successfully
DEBUG:root:12/05/2021 12:50:30 PM	unitcost loaded successfully
DEBUG:root:12/05/2021 12:50:30 PM	usage loaded successfully
DEBUG:root:12/05/2021 12:50:32 PM	inv_eed_ssflag loaded successfully
DEBUG:root:12/05/2021 12:50:32 PM	All data loaded into global dictionary successfully
DEBUG:root:12/05/2021 12:50:32 PM	3 months are found in the test set (usage)
DEBUG:root:12/05/2021 12:50:33 PM	3 months are found in the test set (usage)
DEBUG:root:12/05/2021 12:50:35 PM	1916 non-drug items are excluded.
DEBUG:root:12/05/2021 12:50:35 PM	1318 items whose full name contain insuli or patient are excluded.
DEBUG:root:12/05/2021 12:50:35 PM	27185 items from non-medstation (Anesthesia stations or mini trays) are excluded.
DEBUG:root:12/05/2021 12:50:35 PM	149 items with inventory greater than 1000 are excluded.
DEBUG:root:12/05/2021 12:50:39 PM	Calling LR model for 11923 on 202005.0
DEBUG:root:12/05/2021 12:50:42 PM	101 pairs all modeled individually
DEBUG:root:12/05/2021 12:50:42 PM	623 pairs are modeled in group 2
DEBUG:root:12/05/2021 12:50:42 PM	131 pairs are modeled in group 3
DEBUG:root:12/05/2021 12:50:42 PM	42 pairs are modeled in group 4
DEBUG:root:12/05/2021 12:50:42 PM	27 pairs are modeled in group 5
DEBUG:root:12/05/2021 12:50:42 PM	924 pairs are modeled via 105 LR models
DEBUG:root:12/05/2021 12:50:42 PM	Maximum Error Percent: 24.999975000025003
DEBUG:root:12/05/2021 12:50:42 PM	test_month: 202105.0
DEBUG:root:12/05/2021 12:50:42 PM	Something is wrong!!! get_test_xy outcome is empty
DEBUG:root:12/05/2021 12:50:42 PM	Something is wrong!!! get_test_xy outcome is empty
WARNING:root:12/05/2021 12:50:42 PM	no data found for 11923 10000489 -2147438126
DEBUG:root:12/05/2021 12:50:42 PM	Something is wrong!!! get_test_xy outcome is empty
DEBUG:root:12/05/2021 12:50:42 PM	Something is wrong!!! get_test_xy outcome is empty
WARNING:root:12/05/2021 12:50:42 PM	no data found for 11923 10000489 -2147438088
DEBUG:root:12/05/2021 12:50:43 PM	Something is wrong!!! get_test_xy outcome is empty
DEBUG:root:12/05/2021 12:50:43 PM	Something is wrong!!! get_test_xy outcome is empty
WARNING:root:12/05/2021 12:50:43 PM	no data found for 11923 10009942 -2147438137
DEBUG:root:12/05/2021 12:50:43 PM	Something is wrong!!! get_test_xy outcome is empty
DEBUG:root:12/05/2021 12:50:43 PM	Something is wrong!!! get_test_xy outcome is empty
WARNING:root:12/05/2021 12:50:43 PM	no data found for 11923 10009942 -2147438125
DEBUG:root:12/05/2021 12:50:43 PM	Something is wrong!!! get_test_xy outcome is empty
DEBUG:root:12/05/2021 12:50:43 PM	Something is wrong!!! get_test_xy outcome is empty
WARNING:root:12/05/2021 12:50:43 PM	no data found for 11923 10009942 -2147438101
DEBUG:root:12/05/2021 12:50:43 PM	Something is wrong!!! get_test_xy outcome is empty
DEBUG:root:12/05/2021 12:50:43 PM	Something is wrong!!! get_test_xy outcome is empty
WARNING:root:12/05/2021 12:50:43 PM	no data found for 11923 10009942 -2147438097
DEBUG:root:12/05/2021 12:50:43 PM	Something is wrong!!! get_test_xy outcome is empty
DEBUG:root:12/05/2021 12:50:43 PM	Something is wrong!!! get_test_xy outcome is empty
WARNING:root:12/05/2021 12:50:43 PM	no data found for 11923 10009942 -2147438092
DEBUG:root:12/05/2021 12:50:43 PM	Something is wrong!!! get_test_xy outcome is empty
DEBUG:root:12/05/2021 12:50:43 PM	Something is wrong!!! get_test_xy outcome is empty
WARNING:root:12/05/2021 12:50:43 PM	no data found for 11923 10009942 -2147438087
DEBUG:root:12/05/2021 12:50:43 PM	Something is wrong!!! get_test_xy outcome is empty
DEBUG:root:12/05/2021 12:50:43 PM	Something is wrong!!! get_test_xy outcome is empty
WARNING:root:12/05/2021 12:50:43 PM	no data found for 11923 10017271 -2147438124
DEBUG:root:12/05/2021 12:50:44 PM	Something is wrong!!! get_test_xy outcome is empty
DEBUG:root:12/05/2021 12:50:44 PM	Something is wrong!!! get_test_xy outcome is empty
WARNING:root:12/05/2021 12:50:44 PM	no data found for 11923 10026263 -2147438119
DEBUG:root:12/05/2021 12:50:44 PM	Something is wrong!!! get_test_xy outcome is empty
DEBUG:root:12/05/2021 12:50:44 PM	Something is wrong!!! get_test_xy outcome is empty
WARNING:root:12/05/2021 12:50:44 PM	no data found for 11923 10026263 -2147438118
DEBUG:root:12/05/2021 12:50:44 PM	Something is wrong!!! get_test_xy outcome is empty
DEBUG:root:12/05/2021 12:50:44 PM	Something is wrong!!! get_test_xy outcome is empty
WARNING:root:12/05/2021 12:50:44 PM	no data found for 11923 10026263 -2147438117
DEBUG:root:12/05/2021 12:50:44 PM	Something is wrong!!! get_test_xy outcome is empty
DEBUG:root:12/05/2021 12:50:44 PM	Something is wrong!!! get_test_xy outcome is empty
WARNING:root:12/05/2021 12:50:44 PM	no data found for 11923 10026263 -2147438115
DEBUG:root:12/05/2021 12:50:44 PM	Something is wrong!!! get_test_xy outcome is empty
DEBUG:root:12/05/2021 12:50:44 PM	Something is wrong!!! get_test_xy outcome is empty
WARNING:root:12/05/2021 12:50:44 PM	no data found for 11923 10026263 -2147438114
DEBUG:root:12/05/2021 12:50:44 PM	Something is wrong!!! get_test_xy outcome is empty
DEBUG:root:12/05/2021 12:50:44 PM	Something is wrong!!! get_test_xy outcome is empty
WARNING:root:12/05/2021 12:50:44 PM	no data found for 11923 10026263 -2147438085
DEBUG:root:12/05/2021 12:50:44 PM	Something is wrong!!! get_test_xy outcome is empty
DEBUG:root:12/05/2021 12:50:44 PM	Something is wrong!!! get_test_xy outcome is empty
WARNING:root:12/05/2021 12:50:44 PM	no data found for 11923 10028202 -2147438120
DEBUG:root:12/05/2021 12:50:44 PM	Something is wrong!!! get_test_xy outcome is empty
DEBUG:root:12/05/2021 12:50:44 PM	Something is wrong!!! get_test_xy outcome is empty
WARNING:root:12/05/2021 12:50:44 PM	no data found for 11923 10028202 -2147438110
DEBUG:root:12/05/2021 12:50:44 PM	Something is wrong!!! get_test_xy outcome is empty
DEBUG:root:12/05/2021 12:50:44 PM	Something is wrong!!! get_test_xy outcome is empty
WARNING:root:12/05/2021 12:50:44 PM	no data found for 11923 10028202 -2147438097
DEBUG:root:12/05/2021 12:50:44 PM	Something is wrong!!! get_test_xy outcome is empty
DEBUG:root:12/05/2021 12:50:44 PM	Something is wrong!!! get_test_xy outcome is empty
WARNING:root:12/05/2021 12:50:44 PM	no data found for 11923 10028202 -2147438087
DEBUG:root:12/05/2021 12:50:45 PM	Something is wrong!!! get_test_xy outcome is empty
DEBUG:root:12/05/2021 12:50:45 PM	Something is wrong!!! get_test_xy outcome is empty
WARNING:root:12/05/2021 12:50:45 PM	no data found for 11923 10000710a -2147438101
DEBUG:root:12/05/2021 12:50:46 PM	Something is wrong!!! get_test_xy outcome is empty
DEBUG:root:12/05/2021 12:50:46 PM	Something is wrong!!! get_test_xy outcome is empty
WARNING:root:12/05/2021 12:50:46 PM	no data found for 11923 10000860 -2147438108
DEBUG:root:12/05/2021 12:50:46 PM	Something is wrong!!! get_test_xy outcome is empty
DEBUG:root:12/05/2021 12:50:46 PM	Something is wrong!!! get_test_xy outcome is empty
WARNING:root:12/05/2021 12:50:46 PM	no data found for 11923 10001003 -2147438094
DEBUG:root:12/05/2021 12:50:46 PM	Something is wrong!!! get_test_xy outcome is empty
DEBUG:root:12/05/2021 12:50:46 PM	Something is wrong!!! get_test_xy outcome is empty
WARNING:root:12/05/2021 12:50:46 PM	no data found for 11923 10001724 -2147438121
DEBUG:root:12/05/2021 12:50:48 PM	Something is wrong!!! get_test_xy outcome is empty
DEBUG:root:12/05/2021 12:50:48 PM	Something is wrong!!! get_test_xy outcome is empty
WARNING:root:12/05/2021 12:50:48 PM	no data found for 11923 10002909 -2147438101
DEBUG:root:12/05/2021 12:50:48 PM	Something is wrong!!! get_test_xy outcome is empty
DEBUG:root:12/05/2021 12:50:48 PM	Something is wrong!!! get_test_xy outcome is empty
WARNING:root:12/05/2021 12:50:48 PM	no data found for 11923 10002912 -2147438093
DEBUG:root:12/05/2021 12:50:48 PM	Something is wrong!!! get_test_xy outcome is empty
DEBUG:root:12/05/2021 12:50:48 PM	Something is wrong!!! get_test_xy outcome is empty
WARNING:root:12/05/2021 12:50:48 PM	no data found for 11923 10003435 -2147438134
DEBUG:root:12/05/2021 12:50:48 PM	Something is wrong!!! get_test_xy outcome is empty
DEBUG:root:12/05/2021 12:50:48 PM	Something is wrong!!! get_test_xy outcome is empty
WARNING:root:12/05/2021 12:50:48 PM	no data found for 11923 10003610 -2147438133
DEBUG:root:12/05/2021 12:50:49 PM	Something is wrong!!! get_test_xy outcome is empty
DEBUG:root:12/05/2021 12:50:49 PM	Something is wrong!!! get_test_xy outcome is empty
WARNING:root:12/05/2021 12:50:49 PM	no data found for 11923 10003746 -2147438123
DEBUG:root:12/05/2021 12:50:50 PM	Something is wrong!!! get_test_xy outcome is empty
DEBUG:root:12/05/2021 12:50:50 PM	Something is wrong!!! get_test_xy outcome is empty
WARNING:root:12/05/2021 12:50:50 PM	no data found for 11923 10003838 -2147438133
DEBUG:root:12/05/2021 12:50:50 PM	Something is wrong!!! get_test_xy outcome is empty
DEBUG:root:12/05/2021 12:50:50 PM	Something is wrong!!! get_test_xy outcome is empty
WARNING:root:12/05/2021 12:50:50 PM	no data found for 11923 10003838 -2147438123
DEBUG:root:12/05/2021 12:50:50 PM	Something is wrong!!! get_test_xy outcome is empty
DEBUG:root:12/05/2021 12:50:50 PM	Something is wrong!!! get_test_xy outcome is empty
WARNING:root:12/05/2021 12:50:50 PM	no data found for 11923 10003890 -2147438132
DEBUG:root:12/05/2021 12:50:52 PM	Something is wrong!!! get_test_xy outcome is empty
DEBUG:root:12/05/2021 12:50:52 PM	Something is wrong!!! get_test_xy outcome is empty
WARNING:root:12/05/2021 12:50:52 PM	no data found for 11923 10004708 -2147438094
DEBUG:root:12/05/2021 12:50:52 PM	Something is wrong!!! get_test_xy outcome is empty
DEBUG:root:12/05/2021 12:50:52 PM	Something is wrong!!! get_test_xy outcome is empty
WARNING:root:12/05/2021 12:50:52 PM	no data found for 11923 10004763 -2147438132
DEBUG:root:12/05/2021 12:50:55 PM	Something is wrong!!! get_test_xy outcome is empty
DEBUG:root:12/05/2021 12:50:55 PM	Something is wrong!!! get_test_xy outcome is empty
WARNING:root:12/05/2021 12:50:55 PM	no data found for 11923 10006223 -2147438129
DEBUG:root:12/05/2021 12:50:55 PM	Something is wrong!!! get_test_xy outcome is empty
DEBUG:root:12/05/2021 12:50:55 PM	Something is wrong!!! get_test_xy outcome is empty
WARNING:root:12/05/2021 12:50:55 PM	no data found for 11923 10006226 -2147438078
DEBUG:root:12/05/2021 12:50:55 PM	Something is wrong!!! get_test_xy outcome is empty
DEBUG:root:12/05/2021 12:50:55 PM	Something is wrong!!! get_test_xy outcome is empty
WARNING:root:12/05/2021 12:50:55 PM	no data found for 11923 10006266 -2147438095
DEBUG:root:12/05/2021 12:50:55 PM	Something is wrong!!! get_test_xy outcome is empty
DEBUG:root:12/05/2021 12:50:55 PM	Something is wrong!!! get_test_xy outcome is empty
WARNING:root:12/05/2021 12:50:55 PM	no data found for 11923 10006293 -2147438135
DEBUG:root:12/05/2021 12:50:55 PM	Something is wrong!!! get_test_xy outcome is empty
DEBUG:root:12/05/2021 12:50:55 PM	Something is wrong!!! get_test_xy outcome is empty
WARNING:root:12/05/2021 12:50:55 PM	no data found for 11923 10006293 -2147438133
DEBUG:root:12/05/2021 12:50:55 PM	Something is wrong!!! get_test_xy outcome is empty
DEBUG:root:12/05/2021 12:50:55 PM	Something is wrong!!! get_test_xy outcome is empty
WARNING:root:12/05/2021 12:50:55 PM	no data found for 11923 10006293 -2147438132
DEBUG:root:12/05/2021 12:50:56 PM	Something is wrong!!! get_test_xy outcome is empty
DEBUG:root:12/05/2021 12:50:56 PM	Something is wrong!!! get_test_xy outcome is empty
WARNING:root:12/05/2021 12:50:56 PM	no data found for 11923 10006694 -2147438095
DEBUG:root:12/05/2021 12:50:56 PM	Something is wrong!!! get_test_xy outcome is empty
DEBUG:root:12/05/2021 12:50:56 PM	Something is wrong!!! get_test_xy outcome is empty
WARNING:root:12/05/2021 12:50:56 PM	no data found for 11923 10007026 -2147438088
DEBUG:root:12/05/2021 12:50:57 PM	Something is wrong!!! get_test_xy outcome is empty
DEBUG:root:12/05/2021 12:50:57 PM	Something is wrong!!! get_test_xy outcome is empty
WARNING:root:12/05/2021 12:50:57 PM	no data found for 11923 10007495 -2147438120
DEBUG:root:12/05/2021 12:50:57 PM	Something is wrong!!! get_test_xy outcome is empty
DEBUG:root:12/05/2021 12:50:57 PM	Something is wrong!!! get_test_xy outcome is empty
WARNING:root:12/05/2021 12:50:57 PM	no data found for 11923 10007500 -2147438136
DEBUG:root:12/05/2021 12:50:57 PM	Something is wrong!!! get_test_xy outcome is empty
DEBUG:root:12/05/2021 12:50:57 PM	Something is wrong!!! get_test_xy outcome is empty
WARNING:root:12/05/2021 12:50:57 PM	no data found for 11923 10007503 -2147438120
DEBUG:root:12/05/2021 12:50:57 PM	Something is wrong!!! get_test_xy outcome is empty
DEBUG:root:12/05/2021 12:50:57 PM	Something is wrong!!! get_test_xy outcome is empty
WARNING:root:12/05/2021 12:50:57 PM	no data found for 11923 10007503 -2147438083
DEBUG:root:12/05/2021 12:50:59 PM	Something is wrong!!! get_test_xy outcome is empty
DEBUG:root:12/05/2021 12:50:59 PM	Something is wrong!!! get_test_xy outcome is empty
WARNING:root:12/05/2021 12:50:59 PM	no data found for 11923 10007768 -2147438136
DEBUG:root:12/05/2021 12:50:59 PM	Something is wrong!!! get_test_xy outcome is empty
DEBUG:root:12/05/2021 12:50:59 PM	Something is wrong!!! get_test_xy outcome is empty
WARNING:root:12/05/2021 12:50:59 PM	no data found for 11923 10007939 -2147438138
DEBUG:root:12/05/2021 12:51:01 PM	Something is wrong!!! get_test_xy outcome is empty
DEBUG:root:12/05/2021 12:51:01 PM	Something is wrong!!! get_test_xy outcome is empty
WARNING:root:12/05/2021 12:51:01 PM	no data found for 11923 10008652 -2147438088
DEBUG:root:12/05/2021 12:51:02 PM	Something is wrong!!! get_test_xy outcome is empty
DEBUG:root:12/05/2021 12:51:02 PM	Something is wrong!!! get_test_xy outcome is empty
WARNING:root:12/05/2021 12:51:02 PM	no data found for 11923 10009619p -2147438100
DEBUG:root:12/05/2021 12:51:02 PM	Something is wrong!!! get_test_xy outcome is empty
DEBUG:root:12/05/2021 12:51:02 PM	Something is wrong!!! get_test_xy outcome is empty
WARNING:root:12/05/2021 12:51:02 PM	no data found for 11923 10009942 -2147438099
DEBUG:root:12/05/2021 12:51:03 PM	Something is wrong!!! get_test_xy outcome is empty
DEBUG:root:12/05/2021 12:51:03 PM	Something is wrong!!! get_test_xy outcome is empty
WARNING:root:12/05/2021 12:51:03 PM	no data found for 11923 10010381 -2147438097
DEBUG:root:12/05/2021 12:51:03 PM	Something is wrong!!! get_test_xy outcome is empty
DEBUG:root:12/05/2021 12:51:03 PM	Something is wrong!!! get_test_xy outcome is empty
WARNING:root:12/05/2021 12:51:03 PM	no data found for 11923 10010572 -2147438101
DEBUG:root:12/05/2021 12:51:03 PM	Something is wrong!!! get_test_xy outcome is empty
DEBUG:root:12/05/2021 12:51:03 PM	Something is wrong!!! get_test_xy outcome is empty
WARNING:root:12/05/2021 12:51:03 PM	no data found for 11923 10010686 -2147438118
DEBUG:root:12/05/2021 12:51:04 PM	Something is wrong!!! get_test_xy outcome is empty
DEBUG:root:12/05/2021 12:51:04 PM	Something is wrong!!! get_test_xy outcome is empty
WARNING:root:12/05/2021 12:51:04 PM	no data found for 11923 10010749 -2147438088
DEBUG:root:12/05/2021 12:51:04 PM	Something is wrong!!! get_test_xy outcome is empty
DEBUG:root:12/05/2021 12:51:04 PM	Something is wrong!!! get_test_xy outcome is empty
WARNING:root:12/05/2021 12:51:04 PM	no data found for 11923 10010797 -2147438101
DEBUG:root:12/05/2021 12:51:04 PM	Something is wrong!!! get_test_xy outcome is empty
DEBUG:root:12/05/2021 12:51:04 PM	Something is wrong!!! get_test_xy outcome is empty
WARNING:root:12/05/2021 12:51:04 PM	no data found for 11923 10011390 -2147438091
DEBUG:root:12/05/2021 12:51:05 PM	Something is wrong!!! get_test_xy outcome is empty
DEBUG:root:12/05/2021 12:51:05 PM	Something is wrong!!! get_test_xy outcome is empty
WARNING:root:12/05/2021 12:51:05 PM	no data found for 11923 10012759 -2147438118
DEBUG:root:12/05/2021 12:51:06 PM	Something is wrong!!! get_test_xy outcome is empty
DEBUG:root:12/05/2021 12:51:06 PM	Something is wrong!!! get_test_xy outcome is empty
WARNING:root:12/05/2021 12:51:06 PM	no data found for 11923 10014292 -2147438101
DEBUG:root:12/05/2021 12:51:06 PM	Something is wrong!!! get_test_xy outcome is empty
DEBUG:root:12/05/2021 12:51:06 PM	Something is wrong!!! get_test_xy outcome is empty
WARNING:root:12/05/2021 12:51:06 PM	no data found for 11923 10014434 -2147438132
DEBUG:root:12/05/2021 12:51:06 PM	Something is wrong!!! get_test_xy outcome is empty
DEBUG:root:12/05/2021 12:51:06 PM	Something is wrong!!! get_test_xy outcome is empty
WARNING:root:12/05/2021 12:51:06 PM	no data found for 11923 10014763 -2147438094
DEBUG:root:12/05/2021 12:51:07 PM	Something is wrong!!! get_test_xy outcome is empty
DEBUG:root:12/05/2021 12:51:07 PM	Something is wrong!!! get_test_xy outcome is empty
WARNING:root:12/05/2021 12:51:07 PM	no data found for 11923 10014831 -2147438095
DEBUG:root:12/05/2021 12:51:07 PM	Something is wrong!!! get_test_xy outcome is empty
DEBUG:root:12/05/2021 12:51:07 PM	Something is wrong!!! get_test_xy outcome is empty
WARNING:root:12/05/2021 12:51:07 PM	no data found for 11923 10015347 -2147438091
DEBUG:root:12/05/2021 12:51:08 PM	Something is wrong!!! get_test_xy outcome is empty
DEBUG:root:12/05/2021 12:51:08 PM	Something is wrong!!! get_test_xy outcome is empty
WARNING:root:12/05/2021 12:51:08 PM	no data found for 11923 10016406 -2147438136
DEBUG:root:12/05/2021 12:51:09 PM	Something is wrong!!! get_test_xy outcome is empty
DEBUG:root:12/05/2021 12:51:09 PM	Something is wrong!!! get_test_xy outcome is empty
WARNING:root:12/05/2021 12:51:09 PM	no data found for 11923 10017133 -2147438138
DEBUG:root:12/05/2021 12:51:09 PM	Something is wrong!!! get_test_xy outcome is empty
DEBUG:root:12/05/2021 12:51:09 PM	Something is wrong!!! get_test_xy outcome is empty
WARNING:root:12/05/2021 12:51:09 PM	no data found for 11923 10017291 -2147438127
DEBUG:root:12/05/2021 12:51:10 PM	Something is wrong!!! get_test_xy outcome is empty
DEBUG:root:12/05/2021 12:51:10 PM	Something is wrong!!! get_test_xy outcome is empty
WARNING:root:12/05/2021 12:51:10 PM	no data found for 11923 10018428 -2147438101
DEBUG:root:12/05/2021 12:51:10 PM	Something is wrong!!! get_test_xy outcome is empty
DEBUG:root:12/05/2021 12:51:10 PM	Something is wrong!!! get_test_xy outcome is empty
WARNING:root:12/05/2021 12:51:10 PM	no data found for 11923 10018428 -2147438092
DEBUG:root:12/05/2021 12:51:11 PM	Something is wrong!!! get_test_xy outcome is empty
DEBUG:root:12/05/2021 12:51:11 PM	Something is wrong!!! get_test_xy outcome is empty
WARNING:root:12/05/2021 12:51:11 PM	no data found for 11923 10024168 -2147438123
DEBUG:root:12/05/2021 12:51:12 PM	Something is wrong!!! get_test_xy outcome is empty
DEBUG:root:12/05/2021 12:51:12 PM	Something is wrong!!! get_test_xy outcome is empty
WARNING:root:12/05/2021 12:51:12 PM	no data found for 11923 10025699 -2147438110
DEBUG:root:12/05/2021 12:51:12 PM	Something is wrong!!! get_test_xy outcome is empty
DEBUG:root:12/05/2021 12:51:12 PM	Something is wrong!!! get_test_xy outcome is empty
WARNING:root:12/05/2021 12:51:12 PM	no data found for 11923 10026263 -2147438116
DEBUG:root:12/05/2021 12:51:12 PM	Something is wrong!!! get_test_xy outcome is empty
DEBUG:root:12/05/2021 12:51:12 PM	Something is wrong!!! get_test_xy outcome is empty
WARNING:root:12/05/2021 12:51:12 PM	no data found for 11923 10027504 -2147438129
DEBUG:root:12/05/2021 12:51:12 PM	Something is wrong!!! get_test_xy outcome is empty
DEBUG:root:12/05/2021 12:51:12 PM	Something is wrong!!! get_test_xy outcome is empty
WARNING:root:12/05/2021 12:51:12 PM	no data found for 11923 10027504 -2147438125
DEBUG:root:12/05/2021 12:51:13 PM	Something is wrong!!! get_test_xy outcome is empty
DEBUG:root:12/05/2021 12:51:13 PM	Something is wrong!!! get_test_xy outcome is empty
WARNING:root:12/05/2021 12:51:13 PM	no data found for 11923 10028920 -2147438096
DEBUG:root:12/05/2021 12:51:13 PM	Something is wrong!!! get_test_xy outcome is empty
DEBUG:root:12/05/2021 12:51:13 PM	Something is wrong!!! get_test_xy outcome is empty
WARNING:root:12/05/2021 12:51:13 PM	no data found for 11923 10029097 -2147438105
DEBUG:root:12/05/2021 12:51:14 PM	Something is wrong!!! get_test_xy outcome is empty
DEBUG:root:12/05/2021 12:51:14 PM	Something is wrong!!! get_test_xy outcome is empty
WARNING:root:12/05/2021 12:51:14 PM	no data found for 11923 10029529 -2147438087
DEBUG:root:12/05/2021 12:51:14 PM	Something is wrong!!! get_test_xy outcome is empty
DEBUG:root:12/05/2021 12:51:14 PM	Something is wrong!!! get_test_xy outcome is empty
WARNING:root:12/05/2021 12:51:14 PM	no data found for 11923 10030466 -2147438126
DEBUG:root:12/05/2021 12:51:14 PM	Something is wrong!!! get_test_xy outcome is empty
DEBUG:root:12/05/2021 12:51:14 PM	Something is wrong!!! get_test_xy outcome is empty
WARNING:root:12/05/2021 12:51:14 PM	no data found for 11923 10035847 -2147438116
DEBUG:root:12/05/2021 12:51:14 PM	Something is wrong!!! get_test_xy outcome is empty
DEBUG:root:12/05/2021 12:51:14 PM	Something is wrong!!! get_test_xy outcome is empty
WARNING:root:12/05/2021 12:51:14 PM	no data found for 11923 10035847 -2147438115
DEBUG:root:12/05/2021 12:51:16 PM	Something is wrong!!! get_test_xy outcome is empty
DEBUG:root:12/05/2021 12:51:16 PM	Something is wrong!!! get_test_xy outcome is empty
WARNING:root:12/05/2021 12:51:16 PM	no data found for 11923 10003974 -2147438126
DEBUG:root:12/05/2021 12:51:17 PM	Something is wrong!!! get_test_xy outcome is empty
DEBUG:root:12/05/2021 12:51:17 PM	Something is wrong!!! get_test_xy outcome is empty
WARNING:root:12/05/2021 12:51:17 PM	no data found for 11923 10008652 -2147438099
DEBUG:root:12/05/2021 12:51:17 PM	Something is wrong!!! get_test_xy outcome is empty
DEBUG:root:12/05/2021 12:51:17 PM	Something is wrong!!! get_test_xy outcome is empty
WARNING:root:12/05/2021 12:51:17 PM	no data found for 11923 10009941 -2147437929
DEBUG:root:12/05/2021 12:51:18 PM	Something is wrong!!! get_test_xy outcome is empty
DEBUG:root:12/05/2021 12:51:18 PM	Something is wrong!!! get_test_xy outcome is empty
WARNING:root:12/05/2021 12:51:18 PM	no data found for 11923 10013359 -2147438092
DEBUG:root:12/05/2021 12:51:19 PM	Something is wrong!!! get_test_xy outcome is empty
DEBUG:root:12/05/2021 12:51:19 PM	Something is wrong!!! get_test_xy outcome is empty
WARNING:root:12/05/2021 12:51:19 PM	no data found for 11923 10027504 -2147438123
DEBUG:root:12/05/2021 12:51:19 PM	Something is wrong!!! get_test_xy outcome is empty
DEBUG:root:12/05/2021 12:51:19 PM	Something is wrong!!! get_test_xy outcome is empty
WARNING:root:12/05/2021 12:51:19 PM	no data found for 11923 10028202 -2147438135
DEBUG:root:12/05/2021 12:51:19 PM	Something is wrong!!! get_test_xy outcome is empty
DEBUG:root:12/05/2021 12:51:19 PM	Something is wrong!!! get_test_xy outcome is empty
WARNING:root:12/05/2021 12:51:19 PM	no data found for 11923 10028202 -2147438107
DEBUG:root:12/05/2021 12:51:21 PM	Something is wrong!!! get_test_xy outcome is empty
DEBUG:root:12/05/2021 12:51:21 PM	Something is wrong!!! get_test_xy outcome is empty
WARNING:root:12/05/2021 12:51:21 PM	no data found for 11923 10009941 -2147438088
DEBUG:root:12/05/2021 12:51:21 PM	Something is wrong!!! get_test_xy outcome is empty
DEBUG:root:12/05/2021 12:51:21 PM	Something is wrong!!! get_test_xy outcome is empty
WARNING:root:12/05/2021 12:51:21 PM	no data found for 11923 10015464 -2147438124
DEBUG:root:12/05/2021 12:51:22 PM	Something is wrong!!! get_test_xy outcome is empty
DEBUG:root:12/05/2021 12:51:22 PM	Something is wrong!!! get_test_xy outcome is empty
WARNING:root:12/05/2021 12:51:22 PM	no data found for 11923 10025699 -2147438099
DEBUG:root:12/05/2021 12:51:22 PM	Something is wrong!!! get_test_xy outcome is empty
DEBUG:root:12/05/2021 12:51:22 PM	Something is wrong!!! get_test_xy outcome is empty
WARNING:root:12/05/2021 12:51:22 PM	no data found for 11923 10029097 -2147438099
DEBUG:root:12/05/2021 12:51:22 PM	Something is wrong!!! get_test_xy outcome is empty
DEBUG:root:12/05/2021 12:51:22 PM	Something is wrong!!! get_test_xy outcome is empty
WARNING:root:12/05/2021 12:51:22 PM	no data found for 11923 10000507 -2147438078
DEBUG:root:12/05/2021 12:51:22 PM	Something is wrong!!! get_test_xy outcome is empty
DEBUG:root:12/05/2021 12:51:22 PM	Something is wrong!!! get_test_xy outcome is empty
WARNING:root:12/05/2021 12:51:22 PM	no data found for 11923 10009941 -2147438136
DEBUG:root:12/05/2021 12:51:22 PM	Something is wrong!!! get_test_xy outcome is empty
DEBUG:root:12/05/2021 12:51:22 PM	Something is wrong!!! get_test_xy outcome is empty
WARNING:root:12/05/2021 12:51:22 PM	no data found for 11923 10009941 -2147438102
DEBUG:root:12/05/2021 12:51:22 PM	Something is wrong!!! get_test_xy outcome is empty
DEBUG:root:12/05/2021 12:51:22 PM	Something is wrong!!! get_test_xy outcome is empty
WARNING:root:12/05/2021 12:51:22 PM	no data found for 11923 10009941 -2147438093
DEBUG:root:12/05/2021 12:51:22 PM	Something is wrong!!! get_test_xy outcome is empty
DEBUG:root:12/05/2021 12:51:22 PM	Something is wrong!!! get_test_xy outcome is empty
WARNING:root:12/05/2021 12:51:22 PM	no data found for 11923 10009941 -2147438091
DEBUG:root:12/05/2021 12:51:23 PM	Something is wrong!!! get_test_xy outcome is empty
DEBUG:root:12/05/2021 12:51:23 PM	Something is wrong!!! get_test_xy outcome is empty
WARNING:root:12/05/2021 12:51:23 PM	no data found for 11923 10028202 -2147438139
DEBUG:root:12/05/2021 12:51:23 PM	Something is wrong!!! get_test_xy outcome is empty
DEBUG:root:12/05/2021 12:51:23 PM	Something is wrong!!! get_test_xy outcome is empty
WARNING:root:12/05/2021 12:51:23 PM	no data found for 11923 10029529 -2147438099
DEBUG:root:12/05/2021 12:51:23 PM	96 pairs in training set got no estimation
DEBUG:root:12/05/2021 12:51:23 PM	Maximum Error Percent: 3.5
DEBUG:root:12/05/2021 12:51:24 PM	Maximum Error Percent: 7.0
DEBUG:root:12/05/2021 12:51:25 PM	Calling LR model for 11923 on 202004.0
DEBUG:root:12/05/2021 12:51:28 PM	103 pairs all modeled individually
DEBUG:root:12/05/2021 12:51:28 PM	567 pairs are modeled in group 2
DEBUG:root:12/05/2021 12:51:28 PM	112 pairs are modeled in group 3
DEBUG:root:12/05/2021 12:51:28 PM	40 pairs are modeled in group 4
DEBUG:root:12/05/2021 12:51:28 PM	24 pairs are modeled in group 5
DEBUG:root:12/05/2021 12:51:28 PM	846 pairs are modeled via 107 LR models
DEBUG:root:12/05/2021 12:51:28 PM	Maximum Error Percent: 22.999977000023
DEBUG:root:12/05/2021 12:51:28 PM	test_month: 202104.0
DEBUG:root:12/05/2021 12:51:28 PM	Something is wrong!!! get_test_xy outcome is empty
DEBUG:root:12/05/2021 12:51:28 PM	Something is wrong!!! get_test_xy outcome is empty
WARNING:root:12/05/2021 12:51:28 PM	no data found for 11923 10000489 -2147438126
DEBUG:root:12/05/2021 12:51:28 PM	Something is wrong!!! get_test_xy outcome is empty
DEBUG:root:12/05/2021 12:51:28 PM	Something is wrong!!! get_test_xy outcome is empty
WARNING:root:12/05/2021 12:51:28 PM	no data found for 11923 10000489 -2147438088
DEBUG:root:12/05/2021 12:51:28 PM	Something is wrong!!! get_test_xy outcome is empty
DEBUG:root:12/05/2021 12:51:28 PM	Something is wrong!!! get_test_xy outcome is empty
WARNING:root:12/05/2021 12:51:28 PM	no data found for 11923 10000507 -2147438078
DEBUG:root:12/05/2021 12:51:29 PM	Something is wrong!!! get_test_xy outcome is empty
DEBUG:root:12/05/2021 12:51:29 PM	Something is wrong!!! get_test_xy outcome is empty
WARNING:root:12/05/2021 12:51:29 PM	no data found for 11923 10009941 -2147438102
DEBUG:root:12/05/2021 12:51:29 PM	Something is wrong!!! get_test_xy outcome is empty
DEBUG:root:12/05/2021 12:51:29 PM	Something is wrong!!! get_test_xy outcome is empty
WARNING:root:12/05/2021 12:51:29 PM	no data found for 11923 10009941 -2147438093
DEBUG:root:12/05/2021 12:51:29 PM	Something is wrong!!! get_test_xy outcome is empty
DEBUG:root:12/05/2021 12:51:29 PM	Something is wrong!!! get_test_xy outcome is empty
WARNING:root:12/05/2021 12:51:29 PM	no data found for 11923 10009941 -2147438091
DEBUG:root:12/05/2021 12:51:29 PM	Something is wrong!!! get_test_xy outcome is empty
DEBUG:root:12/05/2021 12:51:29 PM	Something is wrong!!! get_test_xy outcome is empty
WARNING:root:12/05/2021 12:51:29 PM	no data found for 11923 10009942 -2147438137
DEBUG:root:12/05/2021 12:51:29 PM	Something is wrong!!! get_test_xy outcome is empty
DEBUG:root:12/05/2021 12:51:29 PM	Something is wrong!!! get_test_xy outcome is empty
WARNING:root:12/05/2021 12:51:29 PM	no data found for 11923 10009942 -2147438125
DEBUG:root:12/05/2021 12:51:29 PM	Something is wrong!!! get_test_xy outcome is empty
DEBUG:root:12/05/2021 12:51:29 PM	Something is wrong!!! get_test_xy outcome is empty
WARNING:root:12/05/2021 12:51:29 PM	no data found for 11923 10009942 -2147438101
DEBUG:root:12/05/2021 12:51:29 PM	Something is wrong!!! get_test_xy outcome is empty
DEBUG:root:12/05/2021 12:51:29 PM	Something is wrong!!! get_test_xy outcome is empty
WARNING:root:12/05/2021 12:51:29 PM	no data found for 11923 10009942 -2147438097
DEBUG:root:12/05/2021 12:51:29 PM	Something is wrong!!! get_test_xy outcome is empty
DEBUG:root:12/05/2021 12:51:29 PM	Something is wrong!!! get_test_xy outcome is empty
WARNING:root:12/05/2021 12:51:29 PM	no data found for 11923 10009942 -2147438092
DEBUG:root:12/05/2021 12:51:29 PM	Something is wrong!!! get_test_xy outcome is empty
DEBUG:root:12/05/2021 12:51:29 PM	Something is wrong!!! get_test_xy outcome is empty
WARNING:root:12/05/2021 12:51:29 PM	no data found for 11923 10009942 -2147438087
DEBUG:root:12/05/2021 12:51:30 PM	Something is wrong!!! get_test_xy outcome is empty
DEBUG:root:12/05/2021 12:51:30 PM	Something is wrong!!! get_test_xy outcome is empty
WARNING:root:12/05/2021 12:51:30 PM	no data found for 11923 10017271 -2147438124
DEBUG:root:12/05/2021 12:51:30 PM	Something is wrong!!! get_test_xy outcome is empty
DEBUG:root:12/05/2021 12:51:30 PM	Something is wrong!!! get_test_xy outcome is empty
WARNING:root:12/05/2021 12:51:30 PM	no data found for 11923 10026263 -2147438119
DEBUG:root:12/05/2021 12:51:30 PM	Something is wrong!!! get_test_xy outcome is empty
DEBUG:root:12/05/2021 12:51:30 PM	Something is wrong!!! get_test_xy outcome is empty
WARNING:root:12/05/2021 12:51:30 PM	no data found for 11923 10026263 -2147438118
DEBUG:root:12/05/2021 12:51:30 PM	Something is wrong!!! get_test_xy outcome is empty
DEBUG:root:12/05/2021 12:51:30 PM	Something is wrong!!! get_test_xy outcome is empty
WARNING:root:12/05/2021 12:51:30 PM	no data found for 11923 10026263 -2147438117
DEBUG:root:12/05/2021 12:51:30 PM	Something is wrong!!! get_test_xy outcome is empty
DEBUG:root:12/05/2021 12:51:30 PM	Something is wrong!!! get_test_xy outcome is empty
WARNING:root:12/05/2021 12:51:30 PM	no data found for 11923 10026263 -2147438115
DEBUG:root:12/05/2021 12:51:30 PM	Something is wrong!!! get_test_xy outcome is empty
DEBUG:root:12/05/2021 12:51:30 PM	Something is wrong!!! get_test_xy outcome is empty
WARNING:root:12/05/2021 12:51:30 PM	no data found for 11923 10026263 -2147438114
DEBUG:root:12/05/2021 12:51:30 PM	Something is wrong!!! get_test_xy outcome is empty
DEBUG:root:12/05/2021 12:51:30 PM	Something is wrong!!! get_test_xy outcome is empty
WARNING:root:12/05/2021 12:51:30 PM	no data found for 11923 10026263 -2147438085
DEBUG:root:12/05/2021 12:51:32 PM	Something is wrong!!! get_test_xy outcome is empty
DEBUG:root:12/05/2021 12:51:32 PM	Something is wrong!!! get_test_xy outcome is empty
WARNING:root:12/05/2021 12:51:32 PM	no data found for 11923 10000710a -2147438101
DEBUG:root:12/05/2021 12:51:32 PM	Something is wrong!!! get_test_xy outcome is empty
DEBUG:root:12/05/2021 12:51:32 PM	Something is wrong!!! get_test_xy outcome is empty
WARNING:root:12/05/2021 12:51:32 PM	no data found for 11923 10001003 -2147438094
DEBUG:root:12/05/2021 12:51:34 PM	Something is wrong!!! get_test_xy outcome is empty
DEBUG:root:12/05/2021 12:51:34 PM	Something is wrong!!! get_test_xy outcome is empty
WARNING:root:12/05/2021 12:51:34 PM	no data found for 11923 10002393 -2147438135
DEBUG:root:12/05/2021 12:51:34 PM	Something is wrong!!! get_test_xy outcome is empty
DEBUG:root:12/05/2021 12:51:34 PM	Something is wrong!!! get_test_xy outcome is empty
WARNING:root:12/05/2021 12:51:34 PM	no data found for 11923 10002641 -2147438139
DEBUG:root:12/05/2021 12:51:34 PM	Something is wrong!!! get_test_xy outcome is empty
DEBUG:root:12/05/2021 12:51:34 PM	Something is wrong!!! get_test_xy outcome is empty
WARNING:root:12/05/2021 12:51:34 PM	no data found for 11923 10002909 -2147438101
DEBUG:root:12/05/2021 12:51:34 PM	Something is wrong!!! get_test_xy outcome is empty
DEBUG:root:12/05/2021 12:51:34 PM	Something is wrong!!! get_test_xy outcome is empty
WARNING:root:12/05/2021 12:51:34 PM	no data found for 11923 10002912 -2147438093
DEBUG:root:12/05/2021 12:51:35 PM	Something is wrong!!! get_test_xy outcome is empty
DEBUG:root:12/05/2021 12:51:35 PM	Something is wrong!!! get_test_xy outcome is empty
WARNING:root:12/05/2021 12:51:35 PM	no data found for 11923 10003417 -2147438123
DEBUG:root:12/05/2021 12:51:35 PM	Something is wrong!!! get_test_xy outcome is empty
DEBUG:root:12/05/2021 12:51:35 PM	Something is wrong!!! get_test_xy outcome is empty
WARNING:root:12/05/2021 12:51:35 PM	no data found for 11923 10003417 -2147438099
DEBUG:root:12/05/2021 12:51:35 PM	Something is wrong!!! get_test_xy outcome is empty
DEBUG:root:12/05/2021 12:51:35 PM	Something is wrong!!! get_test_xy outcome is empty
WARNING:root:12/05/2021 12:51:35 PM	no data found for 11923 10003435 -2147438134
DEBUG:root:12/05/2021 12:51:35 PM	Something is wrong!!! get_test_xy outcome is empty
DEBUG:root:12/05/2021 12:51:35 PM	Something is wrong!!! get_test_xy outcome is empty
WARNING:root:12/05/2021 12:51:35 PM	no data found for 11923 10003610 -2147438133
DEBUG:root:12/05/2021 12:51:36 PM	Something is wrong!!! get_test_xy outcome is empty
DEBUG:root:12/05/2021 12:51:36 PM	Something is wrong!!! get_test_xy outcome is empty
WARNING:root:12/05/2021 12:51:36 PM	no data found for 11923 10003746 -2147438093
DEBUG:root:12/05/2021 12:51:36 PM	Something is wrong!!! get_test_xy outcome is empty
DEBUG:root:12/05/2021 12:51:36 PM	Something is wrong!!! get_test_xy outcome is empty
WARNING:root:12/05/2021 12:51:36 PM	no data found for 11923 10003746 -2147438089
DEBUG:root:12/05/2021 12:51:36 PM	Something is wrong!!! get_test_xy outcome is empty
DEBUG:root:12/05/2021 12:51:36 PM	Something is wrong!!! get_test_xy outcome is empty
WARNING:root:12/05/2021 12:51:36 PM	no data found for 11923 10003890 -2147438132
DEBUG:root:12/05/2021 12:51:38 PM	Something is wrong!!! get_test_xy outcome is empty
DEBUG:root:12/05/2021 12:51:38 PM	Something is wrong!!! get_test_xy outcome is empty
WARNING:root:12/05/2021 12:51:38 PM	no data found for 11923 10004708 -2147438094
DEBUG:root:12/05/2021 12:51:38 PM	Something is wrong!!! get_test_xy outcome is empty
DEBUG:root:12/05/2021 12:51:38 PM	Something is wrong!!! get_test_xy outcome is empty
WARNING:root:12/05/2021 12:51:38 PM	no data found for 11923 10004763 -2147438132
DEBUG:root:12/05/2021 12:51:40 PM	Something is wrong!!! get_test_xy outcome is empty
DEBUG:root:12/05/2021 12:51:40 PM	Something is wrong!!! get_test_xy outcome is empty
WARNING:root:12/05/2021 12:51:40 PM	no data found for 11923 10005780 -2147438097
DEBUG:root:12/05/2021 12:51:41 PM	Something is wrong!!! get_test_xy outcome is empty
DEBUG:root:12/05/2021 12:51:41 PM	Something is wrong!!! get_test_xy outcome is empty
WARNING:root:12/05/2021 12:51:41 PM	no data found for 11923 10006223 -2147438129
DEBUG:root:12/05/2021 12:51:41 PM	Something is wrong!!! get_test_xy outcome is empty
DEBUG:root:12/05/2021 12:51:41 PM	Something is wrong!!! get_test_xy outcome is empty
WARNING:root:12/05/2021 12:51:41 PM	no data found for 11923 10006226 -2147438078
DEBUG:root:12/05/2021 12:51:41 PM	Something is wrong!!! get_test_xy outcome is empty
DEBUG:root:12/05/2021 12:51:41 PM	Something is wrong!!! get_test_xy outcome is empty
WARNING:root:12/05/2021 12:51:41 PM	no data found for 11923 10006266 -2147438095
DEBUG:root:12/05/2021 12:51:41 PM	Something is wrong!!! get_test_xy outcome is empty
DEBUG:root:12/05/2021 12:51:41 PM	Something is wrong!!! get_test_xy outcome is empty
WARNING:root:12/05/2021 12:51:41 PM	no data found for 11923 10006293 -2147438134
DEBUG:root:12/05/2021 12:51:41 PM	Something is wrong!!! get_test_xy outcome is empty
DEBUG:root:12/05/2021 12:51:41 PM	Something is wrong!!! get_test_xy outcome is empty
WARNING:root:12/05/2021 12:51:41 PM	no data found for 11923 10007026 -2147438088
DEBUG:root:12/05/2021 12:51:42 PM	Something is wrong!!! get_test_xy outcome is empty
DEBUG:root:12/05/2021 12:51:42 PM	Something is wrong!!! get_test_xy outcome is empty
WARNING:root:12/05/2021 12:51:42 PM	no data found for 11923 10007495 -2147438120
DEBUG:root:12/05/2021 12:51:43 PM	Something is wrong!!! get_test_xy outcome is empty
DEBUG:root:12/05/2021 12:51:43 PM	Something is wrong!!! get_test_xy outcome is empty
WARNING:root:12/05/2021 12:51:43 PM	no data found for 11923 10007500 -2147438136
DEBUG:root:12/05/2021 12:51:43 PM	Something is wrong!!! get_test_xy outcome is empty
DEBUG:root:12/05/2021 12:51:43 PM	Something is wrong!!! get_test_xy outcome is empty
WARNING:root:12/05/2021 12:51:43 PM	no data found for 11923 10007503 -2147438120
DEBUG:root:12/05/2021 12:51:43 PM	Something is wrong!!! get_test_xy outcome is empty
DEBUG:root:12/05/2021 12:51:43 PM	Something is wrong!!! get_test_xy outcome is empty
WARNING:root:12/05/2021 12:51:43 PM	no data found for 11923 10007503 -2147438083
DEBUG:root:12/05/2021 12:51:44 PM	Something is wrong!!! get_test_xy outcome is empty
DEBUG:root:12/05/2021 12:51:44 PM	Something is wrong!!! get_test_xy outcome is empty
WARNING:root:12/05/2021 12:51:44 PM	no data found for 11923 10007752 -2147438094
DEBUG:root:12/05/2021 12:51:44 PM	Something is wrong!!! get_test_xy outcome is empty
DEBUG:root:12/05/2021 12:51:44 PM	Something is wrong!!! get_test_xy outcome is empty
WARNING:root:12/05/2021 12:51:44 PM	no data found for 11923 10007768 -2147438136
DEBUG:root:12/05/2021 12:51:44 PM	Something is wrong!!! get_test_xy outcome is empty
DEBUG:root:12/05/2021 12:51:44 PM	Something is wrong!!! get_test_xy outcome is empty
WARNING:root:12/05/2021 12:51:44 PM	no data found for 11923 10007939 -2147438138
DEBUG:root:12/05/2021 12:51:45 PM	Something is wrong!!! get_test_xy outcome is empty
DEBUG:root:12/05/2021 12:51:45 PM	Something is wrong!!! get_test_xy outcome is empty
WARNING:root:12/05/2021 12:51:45 PM	no data found for 11923 10008096 -2147438114
DEBUG:root:12/05/2021 12:51:46 PM	Something is wrong!!! get_test_xy outcome is empty
DEBUG:root:12/05/2021 12:51:46 PM	Something is wrong!!! get_test_xy outcome is empty
WARNING:root:12/05/2021 12:51:46 PM	no data found for 11923 10008652 -2147438088
DEBUG:root:12/05/2021 12:51:47 PM	Something is wrong!!! get_test_xy outcome is empty
DEBUG:root:12/05/2021 12:51:47 PM	Something is wrong!!! get_test_xy outcome is empty
WARNING:root:12/05/2021 12:51:47 PM	no data found for 11923 10009619p -2147438100
DEBUG:root:12/05/2021 12:51:47 PM	Something is wrong!!! get_test_xy outcome is empty
DEBUG:root:12/05/2021 12:51:47 PM	Something is wrong!!! get_test_xy outcome is empty
WARNING:root:12/05/2021 12:51:47 PM	no data found for 11923 10010381 -2147438097
DEBUG:root:12/05/2021 12:51:48 PM	Something is wrong!!! get_test_xy outcome is empty
DEBUG:root:12/05/2021 12:51:48 PM	Something is wrong!!! get_test_xy outcome is empty
WARNING:root:12/05/2021 12:51:48 PM	no data found for 11923 10010572 -2147438101
DEBUG:root:12/05/2021 12:51:48 PM	Something is wrong!!! get_test_xy outcome is empty
DEBUG:root:12/05/2021 12:51:48 PM	Something is wrong!!! get_test_xy outcome is empty
WARNING:root:12/05/2021 12:51:48 PM	no data found for 11923 10010686 -2147438118
DEBUG:root:12/05/2021 12:51:48 PM	Something is wrong!!! get_test_xy outcome is empty
DEBUG:root:12/05/2021 12:51:48 PM	Something is wrong!!! get_test_xy outcome is empty
WARNING:root:12/05/2021 12:51:48 PM	no data found for 11923 10010749 -2147438088
DEBUG:root:12/05/2021 12:51:48 PM	Something is wrong!!! get_test_xy outcome is empty
DEBUG:root:12/05/2021 12:51:48 PM	Something is wrong!!! get_test_xy outcome is empty
WARNING:root:12/05/2021 12:51:48 PM	no data found for 11923 10010797 -2147438101
DEBUG:root:12/05/2021 12:51:48 PM	Something is wrong!!! get_test_xy outcome is empty
DEBUG:root:12/05/2021 12:51:48 PM	Something is wrong!!! get_test_xy outcome is empty
WARNING:root:12/05/2021 12:51:48 PM	no data found for 11923 10011390 -2147438091
DEBUG:root:12/05/2021 12:51:49 PM	Something is wrong!!! get_test_xy outcome is empty
DEBUG:root:12/05/2021 12:51:49 PM	Something is wrong!!! get_test_xy outcome is empty
WARNING:root:12/05/2021 12:51:49 PM	no data found for 11923 10011569 -2147438095
DEBUG:root:12/05/2021 12:51:49 PM	Something is wrong!!! get_test_xy outcome is empty
DEBUG:root:12/05/2021 12:51:49 PM	Something is wrong!!! get_test_xy outcome is empty
WARNING:root:12/05/2021 12:51:49 PM	no data found for 11923 10012759 -2147438118
DEBUG:root:12/05/2021 12:51:50 PM	Something is wrong!!! get_test_xy outcome is empty
DEBUG:root:12/05/2021 12:51:50 PM	Something is wrong!!! get_test_xy outcome is empty
WARNING:root:12/05/2021 12:51:50 PM	no data found for 11923 10014292 -2147438101
DEBUG:root:12/05/2021 12:51:50 PM	Something is wrong!!! get_test_xy outcome is empty
DEBUG:root:12/05/2021 12:51:50 PM	Something is wrong!!! get_test_xy outcome is empty
WARNING:root:12/05/2021 12:51:50 PM	no data found for 11923 10014433 -2147438097
DEBUG:root:12/05/2021 12:51:50 PM	Something is wrong!!! get_test_xy outcome is empty
DEBUG:root:12/05/2021 12:51:50 PM	Something is wrong!!! get_test_xy outcome is empty
WARNING:root:12/05/2021 12:51:50 PM	no data found for 11923 10014434 -2147438132
DEBUG:root:12/05/2021 12:51:51 PM	Something is wrong!!! get_test_xy outcome is empty
DEBUG:root:12/05/2021 12:51:51 PM	Something is wrong!!! get_test_xy outcome is empty
WARNING:root:12/05/2021 12:51:51 PM	no data found for 11923 10015347 -2147438091
DEBUG:root:12/05/2021 12:51:52 PM	Something is wrong!!! get_test_xy outcome is empty
DEBUG:root:12/05/2021 12:51:52 PM	Something is wrong!!! get_test_xy outcome is empty
WARNING:root:12/05/2021 12:51:52 PM	no data found for 11923 10016406 -2147438136
DEBUG:root:12/05/2021 12:51:53 PM	Something is wrong!!! get_test_xy outcome is empty
DEBUG:root:12/05/2021 12:51:53 PM	Something is wrong!!! get_test_xy outcome is empty
WARNING:root:12/05/2021 12:51:53 PM	no data found for 11923 10017291 -2147438127
DEBUG:root:12/05/2021 12:51:53 PM	Something is wrong!!! get_test_xy outcome is empty
DEBUG:root:12/05/2021 12:51:53 PM	Something is wrong!!! get_test_xy outcome is empty
WARNING:root:12/05/2021 12:51:53 PM	no data found for 11923 10018428 -2147438101
DEBUG:root:12/05/2021 12:51:53 PM	Something is wrong!!! get_test_xy outcome is empty
DEBUG:root:12/05/2021 12:51:53 PM	Something is wrong!!! get_test_xy outcome is empty
WARNING:root:12/05/2021 12:51:53 PM	no data found for 11923 10018428 -2147438092
DEBUG:root:12/05/2021 12:51:55 PM	Something is wrong!!! get_test_xy outcome is empty
DEBUG:root:12/05/2021 12:51:55 PM	Something is wrong!!! get_test_xy outcome is empty
WARNING:root:12/05/2021 12:51:55 PM	no data found for 11923 10025699 -2147438125
DEBUG:root:12/05/2021 12:51:55 PM	Something is wrong!!! get_test_xy outcome is empty
DEBUG:root:12/05/2021 12:51:55 PM	Something is wrong!!! get_test_xy outcome is empty
WARNING:root:12/05/2021 12:51:55 PM	no data found for 11923 10025699 -2147438110
DEBUG:root:12/05/2021 12:51:55 PM	Something is wrong!!! get_test_xy outcome is empty
DEBUG:root:12/05/2021 12:51:55 PM	Something is wrong!!! get_test_xy outcome is empty
WARNING:root:12/05/2021 12:51:55 PM	no data found for 11923 10027504 -2147438129
DEBUG:root:12/05/2021 12:51:55 PM	Something is wrong!!! get_test_xy outcome is empty
DEBUG:root:12/05/2021 12:51:55 PM	Something is wrong!!! get_test_xy outcome is empty
WARNING:root:12/05/2021 12:51:55 PM	no data found for 11923 10027504 -2147438125
DEBUG:root:12/05/2021 12:51:56 PM	Something is wrong!!! get_test_xy outcome is empty
DEBUG:root:12/05/2021 12:51:56 PM	Something is wrong!!! get_test_xy outcome is empty
WARNING:root:12/05/2021 12:51:56 PM	no data found for 11923 10028202 -2147438102
DEBUG:root:12/05/2021 12:51:56 PM	Something is wrong!!! get_test_xy outcome is empty
DEBUG:root:12/05/2021 12:51:56 PM	Something is wrong!!! get_test_xy outcome is empty
WARNING:root:12/05/2021 12:51:56 PM	no data found for 11923 10028271 -2147438099
DEBUG:root:12/05/2021 12:51:56 PM	Something is wrong!!! get_test_xy outcome is empty
DEBUG:root:12/05/2021 12:51:56 PM	Something is wrong!!! get_test_xy outcome is empty
WARNING:root:12/05/2021 12:51:56 PM	no data found for 11923 10028491 -2147438137
DEBUG:root:12/05/2021 12:51:56 PM	Something is wrong!!! get_test_xy outcome is empty
DEBUG:root:12/05/2021 12:51:56 PM	Something is wrong!!! get_test_xy outcome is empty
WARNING:root:12/05/2021 12:51:56 PM	no data found for 11923 10028920 -2147438096
DEBUG:root:12/05/2021 12:51:56 PM	Something is wrong!!! get_test_xy outcome is empty
DEBUG:root:12/05/2021 12:51:56 PM	Something is wrong!!! get_test_xy outcome is empty
WARNING:root:12/05/2021 12:51:56 PM	no data found for 11923 10029097 -2147438105
DEBUG:root:12/05/2021 12:51:56 PM	Something is wrong!!! get_test_xy outcome is empty
DEBUG:root:12/05/2021 12:51:56 PM	Something is wrong!!! get_test_xy outcome is empty
WARNING:root:12/05/2021 12:51:56 PM	no data found for 11923 10029529 -2147438087
DEBUG:root:12/05/2021 12:51:57 PM	Something is wrong!!! get_test_xy outcome is empty
DEBUG:root:12/05/2021 12:51:57 PM	Something is wrong!!! get_test_xy outcome is empty
WARNING:root:12/05/2021 12:51:57 PM	no data found for 11923 10035847 -2147438116
DEBUG:root:12/05/2021 12:51:57 PM	Something is wrong!!! get_test_xy outcome is empty
DEBUG:root:12/05/2021 12:51:57 PM	Something is wrong!!! get_test_xy outcome is empty
WARNING:root:12/05/2021 12:51:57 PM	no data found for 11923 10035847 -2147438115
DEBUG:root:12/05/2021 12:51:58 PM	Something is wrong!!! get_test_xy outcome is empty
DEBUG:root:12/05/2021 12:51:58 PM	Something is wrong!!! get_test_xy outcome is empty
WARNING:root:12/05/2021 12:51:58 PM	no data found for 11923 10003974 -2147438126
DEBUG:root:12/05/2021 12:51:59 PM	Something is wrong!!! get_test_xy outcome is empty
DEBUG:root:12/05/2021 12:51:59 PM	Something is wrong!!! get_test_xy outcome is empty
WARNING:root:12/05/2021 12:51:59 PM	no data found for 11923 10006293 -2147438135
DEBUG:root:12/05/2021 12:51:59 PM	Something is wrong!!! get_test_xy outcome is empty
DEBUG:root:12/05/2021 12:51:59 PM	Something is wrong!!! get_test_xy outcome is empty
WARNING:root:12/05/2021 12:51:59 PM	no data found for 11923 10006293 -2147438133
DEBUG:root:12/05/2021 12:51:59 PM	Something is wrong!!! get_test_xy outcome is empty
DEBUG:root:12/05/2021 12:51:59 PM	Something is wrong!!! get_test_xy outcome is empty
WARNING:root:12/05/2021 12:51:59 PM	no data found for 11923 10006293 -2147438132
DEBUG:root:12/05/2021 12:51:59 PM	Something is wrong!!! get_test_xy outcome is empty
DEBUG:root:12/05/2021 12:51:59 PM	Something is wrong!!! get_test_xy outcome is empty
WARNING:root:12/05/2021 12:51:59 PM	no data found for 11923 10009941 -2147437929
DEBUG:root:12/05/2021 12:51:59 PM	Something is wrong!!! get_test_xy outcome is empty
DEBUG:root:12/05/2021 12:51:59 PM	Something is wrong!!! get_test_xy outcome is empty
WARNING:root:12/05/2021 12:51:59 PM	no data found for 11923 10009942 -2147438099
DEBUG:root:12/05/2021 12:52:00 PM	Something is wrong!!! get_test_xy outcome is empty
DEBUG:root:12/05/2021 12:52:00 PM	Something is wrong!!! get_test_xy outcome is empty
WARNING:root:12/05/2021 12:52:00 PM	no data found for 11923 10013359 -2147438092
DEBUG:root:12/05/2021 12:52:00 PM	Something is wrong!!! get_test_xy outcome is empty
DEBUG:root:12/05/2021 12:52:00 PM	Something is wrong!!! get_test_xy outcome is empty
WARNING:root:12/05/2021 12:52:00 PM	no data found for 11923 10014831 -2147438095
DEBUG:root:12/05/2021 12:52:01 PM	Something is wrong!!! get_test_xy outcome is empty
DEBUG:root:12/05/2021 12:52:01 PM	Something is wrong!!! get_test_xy outcome is empty
WARNING:root:12/05/2021 12:52:01 PM	no data found for 11923 10026263 -2147438116
DEBUG:root:12/05/2021 12:52:01 PM	Something is wrong!!! get_test_xy outcome is empty
DEBUG:root:12/05/2021 12:52:01 PM	Something is wrong!!! get_test_xy outcome is empty
WARNING:root:12/05/2021 12:52:01 PM	no data found for 11923 10027504 -2147438123
DEBUG:root:12/05/2021 12:52:01 PM	Something is wrong!!! get_test_xy outcome is empty
DEBUG:root:12/05/2021 12:52:01 PM	Something is wrong!!! get_test_xy outcome is empty
WARNING:root:12/05/2021 12:52:01 PM	no data found for 11923 10028202 -2147438135
DEBUG:root:12/05/2021 12:52:02 PM	Something is wrong!!! get_test_xy outcome is empty
DEBUG:root:12/05/2021 12:52:02 PM	Something is wrong!!! get_test_xy outcome is empty
WARNING:root:12/05/2021 12:52:02 PM	no data found for 11923 10030466 -2147438126
DEBUG:root:12/05/2021 12:52:03 PM	Something is wrong!!! get_test_xy outcome is empty
DEBUG:root:12/05/2021 12:52:03 PM	Something is wrong!!! get_test_xy outcome is empty
WARNING:root:12/05/2021 12:52:03 PM	no data found for 11923 10008652 -2147438099
DEBUG:root:12/05/2021 12:52:03 PM	Something is wrong!!! get_test_xy outcome is empty
DEBUG:root:12/05/2021 12:52:03 PM	Something is wrong!!! get_test_xy outcome is empty
WARNING:root:12/05/2021 12:52:03 PM	no data found for 11923 10015464 -2147438124
DEBUG:root:12/05/2021 12:52:04 PM	Something is wrong!!! get_test_xy outcome is empty
DEBUG:root:12/05/2021 12:52:04 PM	Something is wrong!!! get_test_xy outcome is empty
WARNING:root:12/05/2021 12:52:04 PM	no data found for 11923 10025699 -2147438099
DEBUG:root:12/05/2021 12:52:04 PM	Something is wrong!!! get_test_xy outcome is empty
DEBUG:root:12/05/2021 12:52:04 PM	Something is wrong!!! get_test_xy outcome is empty
WARNING:root:12/05/2021 12:52:04 PM	no data found for 11923 10029097 -2147438099
DEBUG:root:12/05/2021 12:52:04 PM	Something is wrong!!! get_test_xy outcome is empty
DEBUG:root:12/05/2021 12:52:04 PM	Something is wrong!!! get_test_xy outcome is empty
WARNING:root:12/05/2021 12:52:04 PM	no data found for 11923 10009941 -2147438136
DEBUG:root:12/05/2021 12:52:04 PM	Something is wrong!!! get_test_xy outcome is empty
DEBUG:root:12/05/2021 12:52:04 PM	Something is wrong!!! get_test_xy outcome is empty
WARNING:root:12/05/2021 12:52:04 PM	no data found for 11923 10009941 -2147438088
DEBUG:root:12/05/2021 12:52:04 PM	Something is wrong!!! get_test_xy outcome is empty
DEBUG:root:12/05/2021 12:52:04 PM	Something is wrong!!! get_test_xy outcome is empty
WARNING:root:12/05/2021 12:52:04 PM	no data found for 11923 10028202 -2147438139
DEBUG:root:12/05/2021 12:52:05 PM	Something is wrong!!! get_test_xy outcome is empty
DEBUG:root:12/05/2021 12:52:05 PM	Something is wrong!!! get_test_xy outcome is empty
WARNING:root:12/05/2021 12:52:05 PM	no data found for 11923 10029529 -2147438099
DEBUG:root:12/05/2021 12:52:05 PM	98 pairs in training set got no estimation
DEBUG:root:12/05/2021 12:52:05 PM	Maximum Error Percent: 8.0
DEBUG:root:12/05/2021 12:52:05 PM	Maximum Error Percent: 8.0
DEBUG:root:12/05/2021 12:52:06 PM	Calling LR model for 11923 on 202003.0
DEBUG:root:12/05/2021 12:52:09 PM	103 pairs all modeled individually
DEBUG:root:12/05/2021 12:52:09 PM	518 pairs are modeled in group 2
DEBUG:root:12/05/2021 12:52:10 PM	115 pairs are modeled in group 3
DEBUG:root:12/05/2021 12:52:10 PM	39 pairs are modeled in group 4
DEBUG:root:12/05/2021 12:52:10 PM	22 pairs are modeled in group 5
DEBUG:root:12/05/2021 12:52:10 PM	797 pairs are modeled via 107 LR models
DEBUG:root:12/05/2021 12:52:10 PM	Maximum Error Percent: 22.999977000023
DEBUG:root:12/05/2021 12:52:10 PM	test_month: 202103.0
DEBUG:root:12/05/2021 12:52:10 PM	Something is wrong!!! get_test_xy outcome is empty
DEBUG:root:12/05/2021 12:52:10 PM	Something is wrong!!! get_test_xy outcome is empty
WARNING:root:12/05/2021 12:52:10 PM	no data found for 11923 10000489 -2147438126
DEBUG:root:12/05/2021 12:52:10 PM	Something is wrong!!! get_test_xy outcome is empty
DEBUG:root:12/05/2021 12:52:10 PM	Something is wrong!!! get_test_xy outcome is empty
WARNING:root:12/05/2021 12:52:10 PM	no data found for 11923 10000489 -2147438088
DEBUG:root:12/05/2021 12:52:10 PM	Something is wrong!!! get_test_xy outcome is empty
DEBUG:root:12/05/2021 12:52:10 PM	Something is wrong!!! get_test_xy outcome is empty
WARNING:root:12/05/2021 12:52:10 PM	no data found for 11923 10000507 -2147438078
DEBUG:root:12/05/2021 12:52:10 PM	Something is wrong!!! get_test_xy outcome is empty
DEBUG:root:12/05/2021 12:52:10 PM	Something is wrong!!! get_test_xy outcome is empty
WARNING:root:12/05/2021 12:52:10 PM	no data found for 11923 10009941 -2147438102
DEBUG:root:12/05/2021 12:52:11 PM	Something is wrong!!! get_test_xy outcome is empty
DEBUG:root:12/05/2021 12:52:11 PM	Something is wrong!!! get_test_xy outcome is empty
WARNING:root:12/05/2021 12:52:11 PM	no data found for 11923 10009941 -2147438093
DEBUG:root:12/05/2021 12:52:11 PM	Something is wrong!!! get_test_xy outcome is empty
DEBUG:root:12/05/2021 12:52:11 PM	Something is wrong!!! get_test_xy outcome is empty
WARNING:root:12/05/2021 12:52:11 PM	no data found for 11923 10009941 -2147438091
DEBUG:root:12/05/2021 12:52:11 PM	Something is wrong!!! get_test_xy outcome is empty
DEBUG:root:12/05/2021 12:52:11 PM	Something is wrong!!! get_test_xy outcome is empty
WARNING:root:12/05/2021 12:52:11 PM	no data found for 11923 10009941 -2147438088
DEBUG:root:12/05/2021 12:52:11 PM	Something is wrong!!! get_test_xy outcome is empty
DEBUG:root:12/05/2021 12:52:11 PM	Something is wrong!!! get_test_xy outcome is empty
WARNING:root:12/05/2021 12:52:11 PM	no data found for 11923 10009942 -2147438137
DEBUG:root:12/05/2021 12:52:11 PM	Something is wrong!!! get_test_xy outcome is empty
DEBUG:root:12/05/2021 12:52:11 PM	Something is wrong!!! get_test_xy outcome is empty
WARNING:root:12/05/2021 12:52:11 PM	no data found for 11923 10009942 -2147438125
DEBUG:root:12/05/2021 12:52:11 PM	Something is wrong!!! get_test_xy outcome is empty
DEBUG:root:12/05/2021 12:52:11 PM	Something is wrong!!! get_test_xy outcome is empty
WARNING:root:12/05/2021 12:52:11 PM	no data found for 11923 10009942 -2147438101
DEBUG:root:12/05/2021 12:52:11 PM	Something is wrong!!! get_test_xy outcome is empty
DEBUG:root:12/05/2021 12:52:11 PM	Something is wrong!!! get_test_xy outcome is empty
WARNING:root:12/05/2021 12:52:11 PM	no data found for 11923 10009942 -2147438097
DEBUG:root:12/05/2021 12:52:11 PM	Something is wrong!!! get_test_xy outcome is empty
DEBUG:root:12/05/2021 12:52:11 PM	Something is wrong!!! get_test_xy outcome is empty
WARNING:root:12/05/2021 12:52:11 PM	no data found for 11923 10009942 -2147438092
DEBUG:root:12/05/2021 12:52:11 PM	Something is wrong!!! get_test_xy outcome is empty
DEBUG:root:12/05/2021 12:52:11 PM	Something is wrong!!! get_test_xy outcome is empty
WARNING:root:12/05/2021 12:52:11 PM	no data found for 11923 10009942 -2147438087
DEBUG:root:12/05/2021 12:52:12 PM	Something is wrong!!! get_test_xy outcome is empty
DEBUG:root:12/05/2021 12:52:12 PM	Something is wrong!!! get_test_xy outcome is empty
WARNING:root:12/05/2021 12:52:12 PM	no data found for 11923 10026263 -2147438119
DEBUG:root:12/05/2021 12:52:12 PM	Something is wrong!!! get_test_xy outcome is empty
DEBUG:root:12/05/2021 12:52:12 PM	Something is wrong!!! get_test_xy outcome is empty
WARNING:root:12/05/2021 12:52:12 PM	no data found for 11923 10026263 -2147438118
DEBUG:root:12/05/2021 12:52:12 PM	Something is wrong!!! get_test_xy outcome is empty
DEBUG:root:12/05/2021 12:52:12 PM	Something is wrong!!! get_test_xy outcome is empty
WARNING:root:12/05/2021 12:52:12 PM	no data found for 11923 10026263 -2147438117
DEBUG:root:12/05/2021 12:52:12 PM	Something is wrong!!! get_test_xy outcome is empty
DEBUG:root:12/05/2021 12:52:12 PM	Something is wrong!!! get_test_xy outcome is empty
WARNING:root:12/05/2021 12:52:12 PM	no data found for 11923 10026263 -2147438115
DEBUG:root:12/05/2021 12:52:12 PM	Something is wrong!!! get_test_xy outcome is empty
DEBUG:root:12/05/2021 12:52:12 PM	Something is wrong!!! get_test_xy outcome is empty
WARNING:root:12/05/2021 12:52:12 PM	no data found for 11923 10026263 -2147438114
DEBUG:root:12/05/2021 12:52:12 PM	Something is wrong!!! get_test_xy outcome is empty
DEBUG:root:12/05/2021 12:52:12 PM	Something is wrong!!! get_test_xy outcome is empty
WARNING:root:12/05/2021 12:52:12 PM	no data found for 11923 10026263 -2147438085
DEBUG:root:12/05/2021 12:52:13 PM	Something is wrong!!! get_test_xy outcome is empty
DEBUG:root:12/05/2021 12:52:13 PM	Something is wrong!!! get_test_xy outcome is empty
WARNING:root:12/05/2021 12:52:13 PM	no data found for 11923 10000710a -2147438101
DEBUG:root:12/05/2021 12:52:15 PM	Something is wrong!!! get_test_xy outcome is empty
DEBUG:root:12/05/2021 12:52:15 PM	Something is wrong!!! get_test_xy outcome is empty
WARNING:root:12/05/2021 12:52:15 PM	no data found for 11923 10002515 -2147438127
DEBUG:root:12/05/2021 12:52:15 PM	Something is wrong!!! get_test_xy outcome is empty
DEBUG:root:12/05/2021 12:52:15 PM	Something is wrong!!! get_test_xy outcome is empty
WARNING:root:12/05/2021 12:52:15 PM	no data found for 11923 10002909 -2147438101
DEBUG:root:12/05/2021 12:52:15 PM	Something is wrong!!! get_test_xy outcome is empty
DEBUG:root:12/05/2021 12:52:15 PM	Something is wrong!!! get_test_xy outcome is empty
WARNING:root:12/05/2021 12:52:15 PM	no data found for 11923 10002912 -2147438093
DEBUG:root:12/05/2021 12:52:16 PM	Something is wrong!!! get_test_xy outcome is empty
DEBUG:root:12/05/2021 12:52:16 PM	Something is wrong!!! get_test_xy outcome is empty
WARNING:root:12/05/2021 12:52:16 PM	no data found for 11923 10003417 -2147438123
DEBUG:root:12/05/2021 12:52:16 PM	Something is wrong!!! get_test_xy outcome is empty
DEBUG:root:12/05/2021 12:52:16 PM	Something is wrong!!! get_test_xy outcome is empty
WARNING:root:12/05/2021 12:52:16 PM	no data found for 11923 10003417 -2147438099
DEBUG:root:12/05/2021 12:52:16 PM	Something is wrong!!! get_test_xy outcome is empty
DEBUG:root:12/05/2021 12:52:16 PM	Something is wrong!!! get_test_xy outcome is empty
WARNING:root:12/05/2021 12:52:16 PM	no data found for 11923 10003435 -2147438134
DEBUG:root:12/05/2021 12:52:17 PM	Something is wrong!!! get_test_xy outcome is empty
DEBUG:root:12/05/2021 12:52:17 PM	Something is wrong!!! get_test_xy outcome is empty
WARNING:root:12/05/2021 12:52:17 PM	no data found for 11923 10003746 -2147438093
DEBUG:root:12/05/2021 12:52:17 PM	Something is wrong!!! get_test_xy outcome is empty
DEBUG:root:12/05/2021 12:52:17 PM	Something is wrong!!! get_test_xy outcome is empty
WARNING:root:12/05/2021 12:52:17 PM	no data found for 11923 10003746 -2147438089
DEBUG:root:12/05/2021 12:52:17 PM	Something is wrong!!! get_test_xy outcome is empty
DEBUG:root:12/05/2021 12:52:17 PM	Something is wrong!!! get_test_xy outcome is empty
WARNING:root:12/05/2021 12:52:17 PM	no data found for 11923 10003924 -2147438137
DEBUG:root:12/05/2021 12:52:18 PM	Something is wrong!!! get_test_xy outcome is empty
DEBUG:root:12/05/2021 12:52:18 PM	Something is wrong!!! get_test_xy outcome is empty
WARNING:root:12/05/2021 12:52:18 PM	no data found for 11923 10004708 -2147438094
DEBUG:root:12/05/2021 12:52:18 PM	Something is wrong!!! get_test_xy outcome is empty
DEBUG:root:12/05/2021 12:52:18 PM	Something is wrong!!! get_test_xy outcome is empty
WARNING:root:12/05/2021 12:52:18 PM	no data found for 11923 10004763 -2147438132
DEBUG:root:12/05/2021 12:52:20 PM	Something is wrong!!! get_test_xy outcome is empty
DEBUG:root:12/05/2021 12:52:20 PM	Something is wrong!!! get_test_xy outcome is empty
WARNING:root:12/05/2021 12:52:20 PM	no data found for 11923 10005675 -2147438092
DEBUG:root:12/05/2021 12:52:21 PM	Something is wrong!!! get_test_xy outcome is empty
DEBUG:root:12/05/2021 12:52:21 PM	Something is wrong!!! get_test_xy outcome is empty
WARNING:root:12/05/2021 12:52:21 PM	no data found for 11923 10006223 -2147438129
DEBUG:root:12/05/2021 12:52:21 PM	Something is wrong!!! get_test_xy outcome is empty
DEBUG:root:12/05/2021 12:52:21 PM	Something is wrong!!! get_test_xy outcome is empty
WARNING:root:12/05/2021 12:52:21 PM	no data found for 11923 10006226 -2147438078
DEBUG:root:12/05/2021 12:52:21 PM	Something is wrong!!! get_test_xy outcome is empty
DEBUG:root:12/05/2021 12:52:21 PM	Something is wrong!!! get_test_xy outcome is empty
WARNING:root:12/05/2021 12:52:21 PM	no data found for 11923 10006266 -2147438095
DEBUG:root:12/05/2021 12:52:21 PM	Something is wrong!!! get_test_xy outcome is empty
DEBUG:root:12/05/2021 12:52:21 PM	Something is wrong!!! get_test_xy outcome is empty
WARNING:root:12/05/2021 12:52:21 PM	no data found for 11923 10006293 -2147438134
DEBUG:root:12/05/2021 12:52:22 PM	Something is wrong!!! get_test_xy outcome is empty
DEBUG:root:12/05/2021 12:52:22 PM	Something is wrong!!! get_test_xy outcome is empty
WARNING:root:12/05/2021 12:52:22 PM	no data found for 11923 10007026 -2147438088
DEBUG:root:12/05/2021 12:52:22 PM	Something is wrong!!! get_test_xy outcome is empty
DEBUG:root:12/05/2021 12:52:22 PM	Something is wrong!!! get_test_xy outcome is empty
WARNING:root:12/05/2021 12:52:22 PM	no data found for 11923 10007493 -2147438089
DEBUG:root:12/05/2021 12:52:23 PM	Something is wrong!!! get_test_xy outcome is empty
DEBUG:root:12/05/2021 12:52:23 PM	Something is wrong!!! get_test_xy outcome is empty
WARNING:root:12/05/2021 12:52:23 PM	no data found for 11923 10007500 -2147438136
DEBUG:root:12/05/2021 12:52:23 PM	Something is wrong!!! get_test_xy outcome is empty
DEBUG:root:12/05/2021 12:52:23 PM	Something is wrong!!! get_test_xy outcome is empty
WARNING:root:12/05/2021 12:52:23 PM	no data found for 11923 10007503 -2147438120
DEBUG:root:12/05/2021 12:52:24 PM	Something is wrong!!! get_test_xy outcome is empty
DEBUG:root:12/05/2021 12:52:24 PM	Something is wrong!!! get_test_xy outcome is empty
WARNING:root:12/05/2021 12:52:24 PM	no data found for 11923 10007752 -2147438136
DEBUG:root:12/05/2021 12:52:24 PM	Something is wrong!!! get_test_xy outcome is empty
DEBUG:root:12/05/2021 12:52:24 PM	Something is wrong!!! get_test_xy outcome is empty
WARNING:root:12/05/2021 12:52:24 PM	no data found for 11923 10007752 -2147438094
DEBUG:root:12/05/2021 12:52:24 PM	Something is wrong!!! get_test_xy outcome is empty
DEBUG:root:12/05/2021 12:52:24 PM	Something is wrong!!! get_test_xy outcome is empty
WARNING:root:12/05/2021 12:52:24 PM	no data found for 11923 10007768 -2147438136
DEBUG:root:12/05/2021 12:52:25 PM	Something is wrong!!! get_test_xy outcome is empty
DEBUG:root:12/05/2021 12:52:25 PM	Something is wrong!!! get_test_xy outcome is empty
WARNING:root:12/05/2021 12:52:25 PM	no data found for 11923 10008096 -2147438115
DEBUG:root:12/05/2021 12:52:25 PM	Something is wrong!!! get_test_xy outcome is empty
DEBUG:root:12/05/2021 12:52:25 PM	Something is wrong!!! get_test_xy outcome is empty
WARNING:root:12/05/2021 12:52:25 PM	no data found for 11923 10008252 -2147438121
DEBUG:root:12/05/2021 12:52:26 PM	Something is wrong!!! get_test_xy outcome is empty
DEBUG:root:12/05/2021 12:52:26 PM	Something is wrong!!! get_test_xy outcome is empty
WARNING:root:12/05/2021 12:52:26 PM	no data found for 11923 10008652 -2147438088
DEBUG:root:12/05/2021 12:52:26 PM	Something is wrong!!! get_test_xy outcome is empty
DEBUG:root:12/05/2021 12:52:26 PM	Something is wrong!!! get_test_xy outcome is empty
WARNING:root:12/05/2021 12:52:26 PM	no data found for 11923 10009135 -2147438135
DEBUG:root:12/05/2021 12:52:28 PM	Something is wrong!!! get_test_xy outcome is empty
DEBUG:root:12/05/2021 12:52:28 PM	Something is wrong!!! get_test_xy outcome is empty
WARNING:root:12/05/2021 12:52:28 PM	no data found for 11923 10010381 -2147438097
DEBUG:root:12/05/2021 12:52:28 PM	Something is wrong!!! get_test_xy outcome is empty
DEBUG:root:12/05/2021 12:52:28 PM	Something is wrong!!! get_test_xy outcome is empty
WARNING:root:12/05/2021 12:52:28 PM	no data found for 11923 10010686 -2147438118
DEBUG:root:12/05/2021 12:52:28 PM	Something is wrong!!! get_test_xy outcome is empty
DEBUG:root:12/05/2021 12:52:28 PM	Something is wrong!!! get_test_xy outcome is empty
WARNING:root:12/05/2021 12:52:28 PM	no data found for 11923 10010797 -2147438101
DEBUG:root:12/05/2021 12:52:28 PM	Something is wrong!!! get_test_xy outcome is empty
DEBUG:root:12/05/2021 12:52:28 PM	Something is wrong!!! get_test_xy outcome is empty
WARNING:root:12/05/2021 12:52:28 PM	no data found for 11923 10011390 -2147438091
DEBUG:root:12/05/2021 12:52:29 PM	Something is wrong!!! get_test_xy outcome is empty
DEBUG:root:12/05/2021 12:52:29 PM	Something is wrong!!! get_test_xy outcome is empty
WARNING:root:12/05/2021 12:52:29 PM	no data found for 11923 10011569 -2147438095
DEBUG:root:12/05/2021 12:52:29 PM	Something is wrong!!! get_test_xy outcome is empty
DEBUG:root:12/05/2021 12:52:29 PM	Something is wrong!!! get_test_xy outcome is empty
WARNING:root:12/05/2021 12:52:29 PM	no data found for 11923 10012759 -2147438118
DEBUG:root:12/05/2021 12:52:30 PM	Something is wrong!!! get_test_xy outcome is empty
DEBUG:root:12/05/2021 12:52:30 PM	Something is wrong!!! get_test_xy outcome is empty
WARNING:root:12/05/2021 12:52:30 PM	no data found for 11923 10014292 -2147438101
DEBUG:root:12/05/2021 12:52:30 PM	Something is wrong!!! get_test_xy outcome is empty
DEBUG:root:12/05/2021 12:52:30 PM	Something is wrong!!! get_test_xy outcome is empty
WARNING:root:12/05/2021 12:52:30 PM	no data found for 11923 10014429 -2147438137
DEBUG:root:12/05/2021 12:52:30 PM	Something is wrong!!! get_test_xy outcome is empty
DEBUG:root:12/05/2021 12:52:30 PM	Something is wrong!!! get_test_xy outcome is empty
WARNING:root:12/05/2021 12:52:30 PM	no data found for 11923 10014429 -2147438136
DEBUG:root:12/05/2021 12:52:30 PM	Something is wrong!!! get_test_xy outcome is empty
DEBUG:root:12/05/2021 12:52:30 PM	Something is wrong!!! get_test_xy outcome is empty
WARNING:root:12/05/2021 12:52:30 PM	no data found for 11923 10014429 -2147438093
DEBUG:root:12/05/2021 12:52:30 PM	Something is wrong!!! get_test_xy outcome is empty
DEBUG:root:12/05/2021 12:52:30 PM	Something is wrong!!! get_test_xy outcome is empty
WARNING:root:12/05/2021 12:52:30 PM	no data found for 11923 10014430 -2147438095
DEBUG:root:12/05/2021 12:52:31 PM	Something is wrong!!! get_test_xy outcome is empty
DEBUG:root:12/05/2021 12:52:31 PM	Something is wrong!!! get_test_xy outcome is empty
WARNING:root:12/05/2021 12:52:31 PM	no data found for 11923 10015347 -2147438091
DEBUG:root:12/05/2021 12:52:32 PM	Something is wrong!!! get_test_xy outcome is empty
DEBUG:root:12/05/2021 12:52:32 PM	Something is wrong!!! get_test_xy outcome is empty
WARNING:root:12/05/2021 12:52:32 PM	no data found for 11923 10016406 -2147438136
DEBUG:root:12/05/2021 12:52:33 PM	Something is wrong!!! get_test_xy outcome is empty
DEBUG:root:12/05/2021 12:52:33 PM	Something is wrong!!! get_test_xy outcome is empty
WARNING:root:12/05/2021 12:52:33 PM	no data found for 11923 10017291 -2147438127
DEBUG:root:12/05/2021 12:52:33 PM	Something is wrong!!! get_test_xy outcome is empty
DEBUG:root:12/05/2021 12:52:33 PM	Something is wrong!!! get_test_xy outcome is empty
WARNING:root:12/05/2021 12:52:33 PM	no data found for 11923 10017291 -2147438124
DEBUG:root:12/05/2021 12:52:33 PM	Something is wrong!!! get_test_xy outcome is empty
DEBUG:root:12/05/2021 12:52:33 PM	Something is wrong!!! get_test_xy outcome is empty
WARNING:root:12/05/2021 12:52:33 PM	no data found for 11923 10018428 -2147438101
DEBUG:root:12/05/2021 12:52:33 PM	Something is wrong!!! get_test_xy outcome is empty
DEBUG:root:12/05/2021 12:52:33 PM	Something is wrong!!! get_test_xy outcome is empty
WARNING:root:12/05/2021 12:52:33 PM	no data found for 11923 10018428 -2147438092
DEBUG:root:12/05/2021 12:52:33 PM	Something is wrong!!! get_test_xy outcome is empty
DEBUG:root:12/05/2021 12:52:33 PM	Something is wrong!!! get_test_xy outcome is empty
WARNING:root:12/05/2021 12:52:33 PM	no data found for 11923 10019539 -2147438081
DEBUG:root:12/05/2021 12:52:35 PM	Something is wrong!!! get_test_xy outcome is empty
DEBUG:root:12/05/2021 12:52:35 PM	Something is wrong!!! get_test_xy outcome is empty
WARNING:root:12/05/2021 12:52:35 PM	no data found for 11923 10025699 -2147438110
DEBUG:root:12/05/2021 12:52:35 PM	Something is wrong!!! get_test_xy outcome is empty
DEBUG:root:12/05/2021 12:52:35 PM	Something is wrong!!! get_test_xy outcome is empty
WARNING:root:12/05/2021 12:52:35 PM	no data found for 11923 10025699 -2147438084
DEBUG:root:12/05/2021 12:52:36 PM	Something is wrong!!! get_test_xy outcome is empty
DEBUG:root:12/05/2021 12:52:36 PM	Something is wrong!!! get_test_xy outcome is empty
WARNING:root:12/05/2021 12:52:36 PM	no data found for 11923 10028202 -2147438102
DEBUG:root:12/05/2021 12:52:36 PM	Something is wrong!!! get_test_xy outcome is empty
DEBUG:root:12/05/2021 12:52:36 PM	Something is wrong!!! get_test_xy outcome is empty
WARNING:root:12/05/2021 12:52:36 PM	no data found for 11923 10028271 -2147438099
DEBUG:root:12/05/2021 12:52:36 PM	Something is wrong!!! get_test_xy outcome is empty
DEBUG:root:12/05/2021 12:52:36 PM	Something is wrong!!! get_test_xy outcome is empty
WARNING:root:12/05/2021 12:52:36 PM	no data found for 11923 10028491 -2147438137
DEBUG:root:12/05/2021 12:52:36 PM	Something is wrong!!! get_test_xy outcome is empty
DEBUG:root:12/05/2021 12:52:36 PM	Something is wrong!!! get_test_xy outcome is empty
WARNING:root:12/05/2021 12:52:36 PM	no data found for 11923 10028920 -2147438096
DEBUG:root:12/05/2021 12:52:36 PM	Something is wrong!!! get_test_xy outcome is empty
DEBUG:root:12/05/2021 12:52:36 PM	Something is wrong!!! get_test_xy outcome is empty
WARNING:root:12/05/2021 12:52:36 PM	no data found for 11923 10029097 -2147438105
DEBUG:root:12/05/2021 12:52:36 PM	Something is wrong!!! get_test_xy outcome is empty
DEBUG:root:12/05/2021 12:52:36 PM	Something is wrong!!! get_test_xy outcome is empty
WARNING:root:12/05/2021 12:52:36 PM	no data found for 11923 10029097 -2147438083
DEBUG:root:12/05/2021 12:52:37 PM	Something is wrong!!! get_test_xy outcome is empty
DEBUG:root:12/05/2021 12:52:37 PM	Something is wrong!!! get_test_xy outcome is empty
WARNING:root:12/05/2021 12:52:37 PM	no data found for 11923 10029529 -2147438087
DEBUG:root:12/05/2021 12:52:37 PM	Something is wrong!!! get_test_xy outcome is empty
DEBUG:root:12/05/2021 12:52:37 PM	Something is wrong!!! get_test_xy outcome is empty
WARNING:root:12/05/2021 12:52:37 PM	no data found for 11923 10029609 -2147438095
DEBUG:root:12/05/2021 12:52:37 PM	Something is wrong!!! get_test_xy outcome is empty
DEBUG:root:12/05/2021 12:52:37 PM	Something is wrong!!! get_test_xy outcome is empty
WARNING:root:12/05/2021 12:52:37 PM	no data found for 11923 10030270 -2147438079
DEBUG:root:12/05/2021 12:52:37 PM	Something is wrong!!! get_test_xy outcome is empty
DEBUG:root:12/05/2021 12:52:37 PM	Something is wrong!!! get_test_xy outcome is empty
WARNING:root:12/05/2021 12:52:37 PM	no data found for 11923 10035847 -2147438116
DEBUG:root:12/05/2021 12:52:37 PM	Something is wrong!!! get_test_xy outcome is empty
DEBUG:root:12/05/2021 12:52:37 PM	Something is wrong!!! get_test_xy outcome is empty
WARNING:root:12/05/2021 12:52:37 PM	no data found for 11923 10035847 -2147438115
DEBUG:root:12/05/2021 12:52:38 PM	Something is wrong!!! get_test_xy outcome is empty
DEBUG:root:12/05/2021 12:52:38 PM	Something is wrong!!! get_test_xy outcome is empty
WARNING:root:12/05/2021 12:52:38 PM	no data found for 11923 10003974 -2147438126
DEBUG:root:12/05/2021 12:52:39 PM	Something is wrong!!! get_test_xy outcome is empty
DEBUG:root:12/05/2021 12:52:39 PM	Something is wrong!!! get_test_xy outcome is empty
WARNING:root:12/05/2021 12:52:39 PM	no data found for 11923 10006293 -2147438135
DEBUG:root:12/05/2021 12:52:39 PM	Something is wrong!!! get_test_xy outcome is empty
DEBUG:root:12/05/2021 12:52:39 PM	Something is wrong!!! get_test_xy outcome is empty
WARNING:root:12/05/2021 12:52:39 PM	no data found for 11923 10006293 -2147438133
DEBUG:root:12/05/2021 12:52:39 PM	Something is wrong!!! get_test_xy outcome is empty
DEBUG:root:12/05/2021 12:52:39 PM	Something is wrong!!! get_test_xy outcome is empty
WARNING:root:12/05/2021 12:52:39 PM	no data found for 11923 10006293 -2147438132
DEBUG:root:12/05/2021 12:52:39 PM	Something is wrong!!! get_test_xy outcome is empty
DEBUG:root:12/05/2021 12:52:39 PM	Something is wrong!!! get_test_xy outcome is empty
WARNING:root:12/05/2021 12:52:39 PM	no data found for 11923 10007503 -2147438086
DEBUG:root:12/05/2021 12:52:39 PM	Something is wrong!!! get_test_xy outcome is empty
DEBUG:root:12/05/2021 12:52:39 PM	Something is wrong!!! get_test_xy outcome is empty
WARNING:root:12/05/2021 12:52:39 PM	no data found for 11923 10007503 -2147438083
DEBUG:root:12/05/2021 12:52:39 PM	Something is wrong!!! get_test_xy outcome is empty
DEBUG:root:12/05/2021 12:52:39 PM	Something is wrong!!! get_test_xy outcome is empty
WARNING:root:12/05/2021 12:52:39 PM	no data found for 11923 10008096 -2147438114
DEBUG:root:12/05/2021 12:52:40 PM	Something is wrong!!! get_test_xy outcome is empty
DEBUG:root:12/05/2021 12:52:40 PM	Something is wrong!!! get_test_xy outcome is empty
WARNING:root:12/05/2021 12:52:40 PM	no data found for 11923 10009941 -2147437929
DEBUG:root:12/05/2021 12:52:40 PM	Something is wrong!!! get_test_xy outcome is empty
DEBUG:root:12/05/2021 12:52:40 PM	Something is wrong!!! get_test_xy outcome is empty
WARNING:root:12/05/2021 12:52:40 PM	no data found for 11923 10014831 -2147438095
DEBUG:root:12/05/2021 12:52:41 PM	Something is wrong!!! get_test_xy outcome is empty
DEBUG:root:12/05/2021 12:52:41 PM	Something is wrong!!! get_test_xy outcome is empty
WARNING:root:12/05/2021 12:52:41 PM	no data found for 11923 10025699 -2147438125
DEBUG:root:12/05/2021 12:52:41 PM	Something is wrong!!! get_test_xy outcome is empty
DEBUG:root:12/05/2021 12:52:41 PM	Something is wrong!!! get_test_xy outcome is empty
WARNING:root:12/05/2021 12:52:41 PM	no data found for 11923 10026263 -2147438116
DEBUG:root:12/05/2021 12:52:42 PM	Something is wrong!!! get_test_xy outcome is empty
DEBUG:root:12/05/2021 12:52:42 PM	Something is wrong!!! get_test_xy outcome is empty
WARNING:root:12/05/2021 12:52:42 PM	no data found for 11923 10030466 -2147438126
DEBUG:root:12/05/2021 12:52:43 PM	Something is wrong!!! get_test_xy outcome is empty
DEBUG:root:12/05/2021 12:52:43 PM	Something is wrong!!! get_test_xy outcome is empty
WARNING:root:12/05/2021 12:52:43 PM	no data found for 11923 10008652 -2147438099
DEBUG:root:12/05/2021 12:52:43 PM	Something is wrong!!! get_test_xy outcome is empty
DEBUG:root:12/05/2021 12:52:43 PM	Something is wrong!!! get_test_xy outcome is empty
WARNING:root:12/05/2021 12:52:43 PM	no data found for 11923 10009942 -2147438099
DEBUG:root:12/05/2021 12:52:43 PM	Something is wrong!!! get_test_xy outcome is empty
DEBUG:root:12/05/2021 12:52:43 PM	Something is wrong!!! get_test_xy outcome is empty
WARNING:root:12/05/2021 12:52:43 PM	no data found for 11923 10013359 -2147438092
DEBUG:root:12/05/2021 12:52:43 PM	Something is wrong!!! get_test_xy outcome is empty
DEBUG:root:12/05/2021 12:52:43 PM	Something is wrong!!! get_test_xy outcome is empty
WARNING:root:12/05/2021 12:52:43 PM	no data found for 11923 10015464 -2147438124
DEBUG:root:12/05/2021 12:52:44 PM	Something is wrong!!! get_test_xy outcome is empty
DEBUG:root:12/05/2021 12:52:44 PM	Something is wrong!!! get_test_xy outcome is empty
WARNING:root:12/05/2021 12:52:44 PM	no data found for 11923 10031435 -2147438083
DEBUG:root:12/05/2021 12:52:44 PM	Something is wrong!!! get_test_xy outcome is empty
DEBUG:root:12/05/2021 12:52:44 PM	Something is wrong!!! get_test_xy outcome is empty
WARNING:root:12/05/2021 12:52:44 PM	no data found for 11923 10009941 -2147438136
DEBUG:root:12/05/2021 12:52:45 PM	96 pairs in training set got no estimation
DEBUG:root:12/05/2021 12:52:45 PM	Maximum Error Percent: 7.0
DEBUG:root:12/05/2021 12:52:46 PM	Maximum Error Percent: 7.0
DEBUG:root:12/05/2021 12:52:47 PM	df_tranx loaded successfully
DEBUG:root:12/05/2021 12:52:47 PM	unitcost loaded successfully
DEBUG:root:12/05/2021 12:52:47 PM	usage loaded successfully
DEBUG:root:12/05/2021 12:52:47 PM	inv_eed_ssflag loaded successfully
DEBUG:root:12/05/2021 12:52:47 PM	All data loaded into global dictionary successfully
DEBUG:root:12/05/2021 12:52:47 PM	3 months are found in the test set (usage)
DEBUG:root:12/05/2021 12:52:47 PM	3 months are found in the test set (usage)
DEBUG:root:12/05/2021 12:52:47 PM	501 non-drug items are excluded.
DEBUG:root:12/05/2021 12:52:47 PM	433 items whose full name contain insuli or patient are excluded.
DEBUG:root:12/05/2021 12:52:47 PM	2265 items from non-medstation (Anesthesia stations or mini trays) are excluded.
DEBUG:root:12/05/2021 12:52:47 PM	35 items with inventory greater than 1000 are excluded.
DEBUG:root:12/05/2021 12:52:48 PM	Calling LR model for 13535 on 202005.0
DEBUG:root:12/05/2021 12:52:49 PM	33 pairs all modeled individually
DEBUG:root:12/05/2021 12:52:49 PM	263 pairs are modeled in group 2
DEBUG:root:12/05/2021 12:52:49 PM	58 pairs are modeled in group 3
DEBUG:root:12/05/2021 12:52:49 PM	45 pairs are modeled in group 4
DEBUG:root:12/05/2021 12:52:49 PM	9 pairs are modeled in group 5
DEBUG:root:12/05/2021 12:52:49 PM	408 pairs are modeled via 37 LR models
DEBUG:root:12/05/2021 12:52:49 PM	Maximum Error Percent: 30.999969000031
DEBUG:root:12/05/2021 12:52:49 PM	test_month: 202105.0
DEBUG:root:12/05/2021 12:52:49 PM	Something is wrong!!! get_test_xy outcome is empty
DEBUG:root:12/05/2021 12:52:49 PM	Something is wrong!!! get_test_xy outcome is empty
WARNING:root:12/05/2021 12:52:49 PM	no data found for 13535 68103880 -2147440892
DEBUG:root:12/05/2021 12:52:49 PM	Something is wrong!!! get_test_xy outcome is empty
DEBUG:root:12/05/2021 12:52:49 PM	Something is wrong!!! get_test_xy outcome is empty
WARNING:root:12/05/2021 12:52:49 PM	no data found for 13535 7626163 -2147440892
DEBUG:root:12/05/2021 12:52:50 PM	Something is wrong!!! get_test_xy outcome is empty
DEBUG:root:12/05/2021 12:52:50 PM	Something is wrong!!! get_test_xy outcome is empty
WARNING:root:12/05/2021 12:52:50 PM	no data found for 13535 00305 -2147440891
DEBUG:root:12/05/2021 12:52:50 PM	Something is wrong!!! get_test_xy outcome is empty
DEBUG:root:12/05/2021 12:52:50 PM	Something is wrong!!! get_test_xy outcome is empty
WARNING:root:12/05/2021 12:52:50 PM	no data found for 13535 09838 -2147440892
DEBUG:root:12/05/2021 12:52:51 PM	Something is wrong!!! get_test_xy outcome is empty
DEBUG:root:12/05/2021 12:52:51 PM	Something is wrong!!! get_test_xy outcome is empty
WARNING:root:12/05/2021 12:52:51 PM	no data found for 13535 19821 -2147440892
DEBUG:root:12/05/2021 12:52:52 PM	Something is wrong!!! get_test_xy outcome is empty
DEBUG:root:12/05/2021 12:52:52 PM	Something is wrong!!! get_test_xy outcome is empty
WARNING:root:12/05/2021 12:52:52 PM	no data found for 13535 2938984 -2147440893
DEBUG:root:12/05/2021 12:52:52 PM	Something is wrong!!! get_test_xy outcome is empty
DEBUG:root:12/05/2021 12:52:52 PM	Something is wrong!!! get_test_xy outcome is empty
WARNING:root:12/05/2021 12:52:52 PM	no data found for 13535 2938984 -2147440892
DEBUG:root:12/05/2021 12:52:53 PM	Something is wrong!!! get_test_xy outcome is empty
DEBUG:root:12/05/2021 12:52:53 PM	Something is wrong!!! get_test_xy outcome is empty
WARNING:root:12/05/2021 12:52:53 PM	no data found for 13535 75444924 -2147440893
DEBUG:root:12/05/2021 12:52:56 PM	Something is wrong!!! get_test_xy outcome is empty
DEBUG:root:12/05/2021 12:52:56 PM	Something is wrong!!! get_test_xy outcome is empty
WARNING:root:12/05/2021 12:52:56 PM	no data found for 13535 75444924 -2147440892
DEBUG:root:12/05/2021 12:52:56 PM	Something is wrong!!! get_test_xy outcome is empty
DEBUG:root:12/05/2021 12:52:56 PM	Something is wrong!!! get_test_xy outcome is empty
WARNING:root:12/05/2021 12:52:56 PM	no data found for 13535 8254465 -2147440893
DEBUG:root:12/05/2021 12:52:56 PM	10 pairs in training set got no estimation
DEBUG:root:12/05/2021 12:52:57 PM	Maximum Error Percent: 4.0
DEBUG:root:12/05/2021 12:52:57 PM	Maximum Error Percent: 4.0
WARNING:root:12/05/2021 12:52:58 PM	Combining test dataframe was not successful
cannot handle a non-unique multi-index!
DEBUG:root:12/05/2021 12:52:58 PM	Calling LR model for 13535 on 202004.0
DEBUG:root:12/05/2021 12:52:59 PM	35 pairs all modeled individually
DEBUG:root:12/05/2021 12:52:59 PM	240 pairs are modeled in group 2
DEBUG:root:12/05/2021 12:52:59 PM	49 pairs are modeled in group 3
DEBUG:root:12/05/2021 12:52:59 PM	35 pairs are modeled in group 4
DEBUG:root:12/05/2021 12:52:59 PM	7 pairs are modeled in group 5
DEBUG:root:12/05/2021 12:52:59 PM	366 pairs are modeled via 39 LR models
DEBUG:root:12/05/2021 12:52:59 PM	Maximum Error Percent: 7.9999920000080005
DEBUG:root:12/05/2021 12:52:59 PM	test_month: 202104.0
DEBUG:root:12/05/2021 12:53:00 PM	Something is wrong!!! get_test_xy outcome is empty
DEBUG:root:12/05/2021 12:53:00 PM	Something is wrong!!! get_test_xy outcome is empty
WARNING:root:12/05/2021 12:53:00 PM	no data found for 13535 68103880 -2147440892
DEBUG:root:12/05/2021 12:53:00 PM	Something is wrong!!! get_test_xy outcome is empty
DEBUG:root:12/05/2021 12:53:00 PM	Something is wrong!!! get_test_xy outcome is empty
WARNING:root:12/05/2021 12:53:00 PM	no data found for 13535 7626163 -2147440892
DEBUG:root:12/05/2021 12:53:00 PM	Something is wrong!!! get_test_xy outcome is empty
DEBUG:root:12/05/2021 12:53:00 PM	Something is wrong!!! get_test_xy outcome is empty
WARNING:root:12/05/2021 12:53:00 PM	no data found for 13535 00305 -2147440891
DEBUG:root:12/05/2021 12:53:01 PM	Something is wrong!!! get_test_xy outcome is empty
DEBUG:root:12/05/2021 12:53:01 PM	Something is wrong!!! get_test_xy outcome is empty
WARNING:root:12/05/2021 12:53:01 PM	no data found for 13535 09838 -2147440892
DEBUG:root:12/05/2021 12:53:01 PM	Something is wrong!!! get_test_xy outcome is empty
DEBUG:root:12/05/2021 12:53:01 PM	Something is wrong!!! get_test_xy outcome is empty
WARNING:root:12/05/2021 12:53:01 PM	no data found for 13535 19821 -2147440892
DEBUG:root:12/05/2021 12:53:02 PM	Something is wrong!!! get_test_xy outcome is empty
DEBUG:root:12/05/2021 12:53:02 PM	Something is wrong!!! get_test_xy outcome is empty
WARNING:root:12/05/2021 12:53:02 PM	no data found for 13535 2938984 -2147440893
DEBUG:root:12/05/2021 12:53:02 PM	Something is wrong!!! get_test_xy outcome is empty
DEBUG:root:12/05/2021 12:53:02 PM	Something is wrong!!! get_test_xy outcome is empty
WARNING:root:12/05/2021 12:53:02 PM	no data found for 13535 2938984 -2147440892
DEBUG:root:12/05/2021 12:53:03 PM	Something is wrong!!! get_test_xy outcome is empty
DEBUG:root:12/05/2021 12:53:03 PM	Something is wrong!!! get_test_xy outcome is empty
WARNING:root:12/05/2021 12:53:03 PM	no data found for 13535 75444924 -2147440893
DEBUG:root:12/05/2021 12:53:05 PM	Something is wrong!!! get_test_xy outcome is empty
DEBUG:root:12/05/2021 12:53:05 PM	Something is wrong!!! get_test_xy outcome is empty
WARNING:root:12/05/2021 12:53:05 PM	no data found for 13535 75444924 -2147440892
DEBUG:root:12/05/2021 12:53:05 PM	Something is wrong!!! get_test_xy outcome is empty
DEBUG:root:12/05/2021 12:53:05 PM	Something is wrong!!! get_test_xy outcome is empty
WARNING:root:12/05/2021 12:53:05 PM	no data found for 13535 8254465 -2147440893
DEBUG:root:12/05/2021 12:53:06 PM	10 pairs in training set got no estimation
DEBUG:root:12/05/2021 12:53:06 PM	Maximum Error Percent: 5.0
DEBUG:root:12/05/2021 12:53:06 PM	Maximum Error Percent: 7.0
WARNING:root:12/05/2021 12:53:08 PM	Combining test dataframe was not successful
cannot handle a non-unique multi-index!
DEBUG:root:12/05/2021 12:53:08 PM	Calling LR model for 13535 on 202003.0
DEBUG:root:12/05/2021 12:53:08 PM	35 pairs all modeled individually
DEBUG:root:12/05/2021 12:53:08 PM	238 pairs are modeled in group 2
DEBUG:root:12/05/2021 12:53:09 PM	52 pairs are modeled in group 3
DEBUG:root:12/05/2021 12:53:09 PM	38 pairs are modeled in group 4
DEBUG:root:12/05/2021 12:53:09 PM	4 pairs are modeled in group 5
DEBUG:root:12/05/2021 12:53:09 PM	367 pairs are modeled via 39 LR models
DEBUG:root:12/05/2021 12:53:09 PM	Maximum Error Percent: 9.999990000010001
DEBUG:root:12/05/2021 12:53:09 PM	test_month: 202103.0
DEBUG:root:12/05/2021 12:53:09 PM	Something is wrong!!! get_test_xy outcome is empty
DEBUG:root:12/05/2021 12:53:09 PM	Something is wrong!!! get_test_xy outcome is empty
WARNING:root:12/05/2021 12:53:09 PM	no data found for 13535 68103880 -2147440892
DEBUG:root:12/05/2021 12:53:09 PM	Something is wrong!!! get_test_xy outcome is empty
DEBUG:root:12/05/2021 12:53:09 PM	Something is wrong!!! get_test_xy outcome is empty
WARNING:root:12/05/2021 12:53:09 PM	no data found for 13535 7626163 -2147440892
DEBUG:root:12/05/2021 12:53:09 PM	Something is wrong!!! get_test_xy outcome is empty
DEBUG:root:12/05/2021 12:53:09 PM	Something is wrong!!! get_test_xy outcome is empty
WARNING:root:12/05/2021 12:53:09 PM	no data found for 13535 00305 -2147440891
DEBUG:root:12/05/2021 12:53:10 PM	Something is wrong!!! get_test_xy outcome is empty
DEBUG:root:12/05/2021 12:53:10 PM	Something is wrong!!! get_test_xy outcome is empty
WARNING:root:12/05/2021 12:53:10 PM	no data found for 13535 09838 -2147440892
DEBUG:root:12/05/2021 12:53:11 PM	Something is wrong!!! get_test_xy outcome is empty
DEBUG:root:12/05/2021 12:53:11 PM	Something is wrong!!! get_test_xy outcome is empty
WARNING:root:12/05/2021 12:53:11 PM	no data found for 13535 19821 -2147440892
DEBUG:root:12/05/2021 12:53:11 PM	Something is wrong!!! get_test_xy outcome is empty
DEBUG:root:12/05/2021 12:53:11 PM	Something is wrong!!! get_test_xy outcome is empty
WARNING:root:12/05/2021 12:53:11 PM	no data found for 13535 2938984 -2147440893
DEBUG:root:12/05/2021 12:53:11 PM	Something is wrong!!! get_test_xy outcome is empty
DEBUG:root:12/05/2021 12:53:11 PM	Something is wrong!!! get_test_xy outcome is empty
WARNING:root:12/05/2021 12:53:11 PM	no data found for 13535 2938984 -2147440892
DEBUG:root:12/05/2021 12:53:13 PM	Something is wrong!!! get_test_xy outcome is empty
DEBUG:root:12/05/2021 12:53:13 PM	Something is wrong!!! get_test_xy outcome is empty
WARNING:root:12/05/2021 12:53:13 PM	no data found for 13535 75444924 -2147440893
DEBUG:root:12/05/2021 12:53:14 PM	Something is wrong!!! get_test_xy outcome is empty
DEBUG:root:12/05/2021 12:53:14 PM	Something is wrong!!! get_test_xy outcome is empty
WARNING:root:12/05/2021 12:53:14 PM	no data found for 13535 RADI15 -2147440891
DEBUG:root:12/05/2021 12:53:15 PM	Something is wrong!!! get_test_xy outcome is empty
DEBUG:root:12/05/2021 12:53:15 PM	Something is wrong!!! get_test_xy outcome is empty
WARNING:root:12/05/2021 12:53:15 PM	no data found for 13535 75444924 -2147440892
DEBUG:root:12/05/2021 12:53:15 PM	Something is wrong!!! get_test_xy outcome is empty
DEBUG:root:12/05/2021 12:53:15 PM	Something is wrong!!! get_test_xy outcome is empty
WARNING:root:12/05/2021 12:53:15 PM	no data found for 13535 8254465 -2147440893
DEBUG:root:12/05/2021 12:53:15 PM	11 pairs in training set got no estimation
DEBUG:root:12/05/2021 12:53:16 PM	Maximum Error Percent: 4.0
DEBUG:root:12/05/2021 12:53:16 PM	Maximum Error Percent: 4.0
WARNING:root:12/05/2021 12:53:17 PM	Combining test dataframe was not successful
cannot handle a non-unique multi-index!
